---- H:\8bit-RGB\main.c ----------------------------------------------------------------------
1:                #include <sc.h>
2:                #include "effects.h"
3:                #include "ws2812.h"
4:                
5:                // ========== Configuration ==========
6:                #define LED_NUM         24       // LED count (МцШнОЩДњТы)
7:                
8:                // ========== System Clock Initialization ==========
9:                void system_clock_init(void) {
10:                   // ЩшжУЯЕЭГЪБжгЮЊ 16MHz
11:                   // IRCF<2:0>=111 (16MHz), SWDTEN=0
12:                   OSCCON = 0x70;
  00AB    3070    LDIA	0x70
  00AC    0094    LD	0x14,A
13:               
14:                   // бгЪБШЗБЃЪБжгЮШЖЈ
15:                   unsigned char i;
16:                   for (i = 0; i < 20; i++) {
  00AD    01F0    CLR	0x70
  00AE    0000    NOP
  00AF    3014    LDIA	0x14
  00B0    0AF0    INCR	0x70
  00B1    0270    SUBA	0x70
  00B2    1803    SZB	0x3,0
  00B3    0008    RET
  00B4    28AE    JP	0xAE
17:                       asm("nop");
18:                   }
19:               }
20:               
21:               // ========== Delay Functions ==========
22:               void delay_ms(unsigned int ms) {
23:                   unsigned int i, j;
24:                   for (i = 0; i < ms; i++) {
  00F2    01F2    CLR	0x72
  00F3    01F3    CLR	0x73
  00F4    0871    LD	A,0x71
  00F5    0273    SUBA	0x73
  00F6    1D03    SNZB	0x3,2
  00F7    28FA    JP	0xFA
  00F8    0870    LD	A,0x70
  00F9    0272    SUBA	0x72
  00FA    1803    SZB	0x3,0
  00FB    0008    RET
25:                       for (j = 0; j < 1333; j++) {   // 16MHz 2T mode ~1ms
  00FC    01F4    CLR	0x74
  00FD    01F5    CLR	0x75
  00FE    0000    NOP
  00FF    0AF4    INCR	0x74
  0100    1903    SZB	0x3,2
  0101    0AF5    INCR	0x75
  0102    3005    LDIA	0x5
  0103    0275    SUBA	0x75
  0104    3035    LDIA	0x35
  0105    1903    SZB	0x3,2
  0106    0274    SUBA	0x74
  0107    1C03    SNZB	0x3,0
  0108    28FE    JP	0xFE
  0109    0AF2    INCR	0x72
  010A    1903    SZB	0x3,2
  010B    0AF3    INCR	0x73
  010C    28F4    JP	0xF4
26:                           asm("nop");
27:                       }
28:                   }
29:               }
30:               
31:               // ========== WS2812B Driver ==========
32:               // ЗЂЫЭвЛИізжНкЃЌжБНгЮЛеЙПЊЯћГ§ЗжжЇ
33:               static void ws2812_send_byte(unsigned char byte) {
  05B3    00F0    LD	0x70,A
34:                   GIE = 0;
  05B4    138B    CLRB	0xB,7
35:               
36:                   // Bit 7
37:                   if (byte & 0x80) {
  05B5    1FF0    SNZB	0x70,7
  05B6    2DC0    JP	0x5C0
38:                       RB1 = 1; asm("nop"); asm("nop");
  05B7    1283    CLRB	0x3,5
  05B8    1486    SETB	0x6,1
  05B9    0000    NOP
  05BA    0000    NOP
39:                       RB1 = 0; asm("nop"); asm("nop");
  05BB    1283    CLRB	0x3,5
  05BC    1086    CLRB	0x6,1
  05BD    0000    NOP
  05BE    0000    NOP
40:                   } else {
  05BF    2DC8    JP	0x5C8
41:                       RB1 = 1; asm("nop");
  05C0    1283    CLRB	0x3,5
  05C1    1486    SETB	0x6,1
  05C2    0000    NOP
42:                       RB1 = 0; asm("nop"); asm("nop"); asm("nop");
  05C3    1283    CLRB	0x3,5
  05C4    1086    CLRB	0x6,1
  05C5    0000    NOP
  05C6    0000    NOP
  05C7    0000    NOP
43:                   }
44:                   // Bit 6
45:                   if (byte & 0x40) {
  05C8    1F70    SNZB	0x70,6
  05C9    2DD3    JP	0x5D3
46:                       RB1 = 1; asm("nop"); asm("nop");
  05CA    1283    CLRB	0x3,5
  05CB    1486    SETB	0x6,1
  05CC    0000    NOP
  05CD    0000    NOP
47:                       RB1 = 0; asm("nop"); asm("nop");
  05CE    1283    CLRB	0x3,5
  05CF    1086    CLRB	0x6,1
  05D0    0000    NOP
  05D1    0000    NOP
48:                   } else {
  05D2    2DDB    JP	0x5DB
49:                       RB1 = 1; asm("nop");
  05D3    1283    CLRB	0x3,5
  05D4    1486    SETB	0x6,1
  05D5    0000    NOP
50:                       RB1 = 0; asm("nop"); asm("nop"); asm("nop");
  05D6    1283    CLRB	0x3,5
  05D7    1086    CLRB	0x6,1
  05D8    0000    NOP
  05D9    0000    NOP
  05DA    0000    NOP
51:                   }
52:                   // Bit 5
53:                   if (byte & 0x20) {
  05DB    1EF0    SNZB	0x70,5
  05DC    2DE6    JP	0x5E6
54:                       RB1 = 1; asm("nop"); asm("nop");
  05DD    1283    CLRB	0x3,5
  05DE    1486    SETB	0x6,1
  05DF    0000    NOP
  05E0    0000    NOP
55:                       RB1 = 0; asm("nop"); asm("nop");
  05E1    1283    CLRB	0x3,5
  05E2    1086    CLRB	0x6,1
  05E3    0000    NOP
  05E4    0000    NOP
56:                   } else {
  05E5    2DEE    JP	0x5EE
57:                       RB1 = 1; asm("nop");
  05E6    1283    CLRB	0x3,5
  05E7    1486    SETB	0x6,1
  05E8    0000    NOP
58:                       RB1 = 0; asm("nop"); asm("nop"); asm("nop");
  05E9    1283    CLRB	0x3,5
  05EA    1086    CLRB	0x6,1
  05EB    0000    NOP
  05EC    0000    NOP
  05ED    0000    NOP
59:                   }
60:                   // Bit 4
61:                   if (byte & 0x10) {
  05EE    1E70    SNZB	0x70,4
  05EF    2DF9    JP	0x5F9
62:                       RB1 = 1; asm("nop"); asm("nop");
  05F0    1283    CLRB	0x3,5
  05F1    1486    SETB	0x6,1
  05F2    0000    NOP
  05F3    0000    NOP
63:                       RB1 = 0; asm("nop"); asm("nop");
  05F4    1283    CLRB	0x3,5
  05F5    1086    CLRB	0x6,1
  05F6    0000    NOP
  05F7    0000    NOP
64:                   } else {
  05F8    2E01    JP	0x601
65:                       RB1 = 1; asm("nop");
  05F9    1283    CLRB	0x3,5
  05FA    1486    SETB	0x6,1
  05FB    0000    NOP
66:                       RB1 = 0; asm("nop"); asm("nop"); asm("nop");
  05FC    1283    CLRB	0x3,5
  05FD    1086    CLRB	0x6,1
  05FE    0000    NOP
  05FF    0000    NOP
  0600    0000    NOP
67:                   }
68:                   // Bit 3
69:                   if (byte & 0x08) {
  0601    1DF0    SNZB	0x70,3
  0602    2E0C    JP	0x60C
70:                       RB1 = 1; asm("nop"); asm("nop");
  0603    1283    CLRB	0x3,5
  0604    1486    SETB	0x6,1
  0605    0000    NOP
  0606    0000    NOP
71:                       RB1 = 0; asm("nop"); asm("nop");
  0607    1283    CLRB	0x3,5
  0608    1086    CLRB	0x6,1
  0609    0000    NOP
  060A    0000    NOP
72:                   } else {
  060B    2E14    JP	0x614
73:                       RB1 = 1; asm("nop");
  060C    1283    CLRB	0x3,5
  060D    1486    SETB	0x6,1
  060E    0000    NOP
74:                       RB1 = 0; asm("nop"); asm("nop"); asm("nop");
  060F    1283    CLRB	0x3,5
  0610    1086    CLRB	0x6,1
  0611    0000    NOP
  0612    0000    NOP
  0613    0000    NOP
75:                   }
76:                   // Bit 2
77:                   if (byte & 0x04) {
  0614    1D70    SNZB	0x70,2
  0615    2E1F    JP	0x61F
78:                       RB1 = 1; asm("nop"); asm("nop");
  0616    1283    CLRB	0x3,5
  0617    1486    SETB	0x6,1
  0618    0000    NOP
  0619    0000    NOP
79:                       RB1 = 0; asm("nop"); asm("nop");
  061A    1283    CLRB	0x3,5
  061B    1086    CLRB	0x6,1
  061C    0000    NOP
  061D    0000    NOP
80:                   } else {
  061E    2E27    JP	0x627
81:                       RB1 = 1; asm("nop");
  061F    1283    CLRB	0x3,5
  0620    1486    SETB	0x6,1
  0621    0000    NOP
82:                       RB1 = 0; asm("nop"); asm("nop"); asm("nop");
  0622    1283    CLRB	0x3,5
  0623    1086    CLRB	0x6,1
  0624    0000    NOP
  0625    0000    NOP
  0626    0000    NOP
83:                   }
84:                   // Bit 1
85:                   if (byte & 0x02) {
  0627    1CF0    SNZB	0x70,1
  0628    2E32    JP	0x632
86:                       RB1 = 1; asm("nop"); asm("nop");
  0629    1283    CLRB	0x3,5
  062A    1486    SETB	0x6,1
  062B    0000    NOP
  062C    0000    NOP
87:                       RB1 = 0; asm("nop"); asm("nop");
  062D    1283    CLRB	0x3,5
  062E    1086    CLRB	0x6,1
  062F    0000    NOP
  0630    0000    NOP
88:                   } else {
  0631    2E3A    JP	0x63A
89:                       RB1 = 1; asm("nop");
  0632    1283    CLRB	0x3,5
  0633    1486    SETB	0x6,1
  0634    0000    NOP
90:                       RB1 = 0; asm("nop"); asm("nop"); asm("nop");
  0635    1283    CLRB	0x3,5
  0636    1086    CLRB	0x6,1
  0637    0000    NOP
  0638    0000    NOP
  0639    0000    NOP
91:                   }
92:                   // Bit 0
93:                   if (byte & 0x01) {
  063A    1C70    SNZB	0x70,0
  063B    2E45    JP	0x645
94:                       RB1 = 1; asm("nop"); asm("nop");
  063C    1283    CLRB	0x3,5
  063D    1486    SETB	0x6,1
  063E    0000    NOP
  063F    0000    NOP
95:                       RB1 = 0; asm("nop"); asm("nop");
  0640    1283    CLRB	0x3,5
  0641    1086    CLRB	0x6,1
  0642    0000    NOP
  0643    0000    NOP
96:                   } else {
  0644    2E4D    JP	0x64D
97:                       RB1 = 1; asm("nop");
  0645    1283    CLRB	0x3,5
  0646    1486    SETB	0x6,1
  0647    0000    NOP
98:                       RB1 = 0; asm("nop"); asm("nop"); asm("nop");
  0648    1283    CLRB	0x3,5
  0649    1086    CLRB	0x6,1
  064A    0000    NOP
  064B    0000    NOP
  064C    0000    NOP
99:                   }
100:              
101:                  GIE = 1;
  064D    178B    SETB	0xB,7
  064E    0008    RET
102:              }
103:              
104:              static void ws2812_send_color(RGB_t color) {
105:                  ws2812_send_byte(color.r);
  0086    0871    LD	A,0x71
  0087    25B3    CALL	0x5B3
106:                  ws2812_send_byte(color.g);
  0088    0872    LD	A,0x72
  0089    25B3    CALL	0x5B3
107:                  ws2812_send_byte(color.b);
  008A    0873    LD	A,0x73
  008B    2DB3    JP	0x5B3
108:              }
109:              
110:              static void ws2812_reset(void) {
111:                  RB1 = 0;
  0081    1086    CLRB	0x6,1
112:                  delay_ms(1);   // >50us
  0082    01F0    CLR	0x70
  0083    0AF0    INCR	0x70
  0084    01F1    CLR	0x71
  0085    28F2    JP	0xF2
113:              }
114:              
115:              void ws2812_update_RGB(RGB_t *leds, unsigned char num) {
  0252    00D5    LD	0x55,A
116:                  unsigned char i;
117:                  unsigned char key_was_pressed = 0;
  0253    01D4    CLR	0x54
118:              
119:                  // ЗЂЫЭЧАМьВщАДМќзДЬЌ
120:                  if (RA0 == 0) {
  0254    1683    SETB	0x3,5
  0255    1806    SZB	0x6,0
  0256    2A5A    JP	0x25A
121:                      key_was_pressed = 1;
  0257    1283    CLRB	0x3,5
  0258    01D4    CLR	0x54
  0259    0AD4    INCR	0x54
122:                  }
123:              
124:                  GIE = 0;
  025A    138B    CLRB	0xB,7
125:                  for (i = 0; i < num; i++) {
  025B    1283    CLRB	0x3,5
  025C    01D6    CLR	0x56
  025D    0851    LD	A,0x51
  025E    0256    SUBA	0x56
  025F    1803    SZB	0x3,0
  0260    2A74    JP	0x274
126:                      ws2812_send_color(leds[i]);
  0261    0856    LD	A,0x56
  0262    0756    ADDA	0x56
  0263    0756    ADDA	0x56
  0264    0755    ADDA	0x55
  0265    00D2    LD	0x52,A
  0266    0084    LD	0x4,A
  0267    1383    CLRB	0x3,7
  0268    0800    LD	A,0x0
  0269    00F1    LD	0x71,A
  026A    0A84    INCR	0x4
  026B    0800    LD	A,0x0
  026C    00F2    LD	0x72,A
  026D    0A84    INCR	0x4
  026E    0800    LD	A,0x0
  026F    00F3    LD	0x73,A
  0270    2086    CALL	0x86
  0271    1283    CLRB	0x3,5
  0272    0AD6    INCR	0x56
  0273    2A5D    JP	0x25D
127:                  }
128:                  ws2812_reset();
  0274    2081    CALL	0x81
129:                  GIE = 1;
  0275    178B    SETB	0xB,7
130:              
131:                  // ЗЂЫЭКѓШчЙћжЎЧАМьВтЕНАДМќЃЌЧвАДМќвбЪЭЗХЃЌСЂМДДІРэ
132:                  if (key_was_pressed && RA0 == 1) {
  0276    1283    CLRB	0x3,5
  0277    0854    LD	A,0x54
  0278    1903    SZB	0x3,2
  0279    0008    RET
  027A    1683    SETB	0x3,5
  027B    1C06    SNZB	0x6,0
  027C    0008    RET
133:                      EffectMode_t next_mode = (current_effect + 1) % EFFECT_COUNT;
  027D    1283    CLRB	0x3,5
  027E    2283    CALL	0x283
  027F    228D    CALL	0x28D
  0280    0870    LD	A,0x70
  0281    00D3    LD	0x53,A
134:                      effect_execute(next_mode);
  0282    28A2    JP	0xA2
135:                  }
136:              }
137:              
138:              // ========== GPIO Initialization ==========
139:              static void ws2812_gpio_init(void) {
140:                  // ХфжУ RA0 ЮЊЪфШыЃЈАДМќЃЉ
141:                  TRISA |= (1 << 0);    // RA0 ЩшЮЊЪфШы
  0093    1405    SETB	0x5,0
142:              
143:                  // ANSEL0 ЧхСу bit0ЃЈНћгУ RA0 ФЃФтЙІФмЃЉ
144:                  ANSEL0 &= ~(1 << 0);
  0094    1013    CLRB	0x13,0
145:              
146:                  // ANSEL1 (94H): Bit1 = ANS9 = RB1, set to 0 for digital I/O
147:                  ANSEL1 &= ~(1 << 1);
  0095    1094    CLRB	0x14,1
148:              
149:                  // TRISB (05H): Bit1 = TRISB1, set to 0 for output
150:                  TRISB &= ~(1 << 1);
  0096    1283    CLRB	0x3,5
  0097    1085    CLRB	0x5,1
151:              
152:                  // RB1 = 0 initial low
153:                  RB1 = 0;
  0098    1086    CLRB	0x6,1
  0099    0008    RET
154:              }
155:              
156:              // ========== Key Function (RA0, active low) ==========
157:              static unsigned char power_state = 1;  // 1=ПЊ, 0=Йи
158:              static unsigned char key_press_counter = 0;  // АДМќМЦЪ§Цї
159:              static unsigned char key_pressed = 0;  // АДМќвбАДЯТБъжО
160:              
161:              void key_scan(void) {
162:                  if (RA0 == 0) {
  030F    1683    SETB	0x3,5
  0310    1806    SZB	0x6,0
  0311    2B56    JP	0x356
163:                      // АДМќАДЯТ
164:                      if (!key_pressed) {
  0312    1283    CLRB	0x3,5
  0313    083A    LD	A,0x3A
  0314    1D03    SNZB	0x3,2
  0315    2B22    JP	0x322
165:                          delay_ms(20);  // ЯћЖЖ
  0316    3014    LDIA	0x14
  0317    00F0    LD	0x70,A
  0318    01F1    CLR	0x71
  0319    20F2    CALL	0xF2
166:                          if (RA0 == 0) {
  031A    1683    SETB	0x3,5
  031B    1806    SZB	0x6,0
  031C    0008    RET
167:                              key_pressed = 1;
  031D    1283    CLRB	0x3,5
  031E    01BA    CLR	0x3A
  031F    0ABA    INCR	0x3A
168:                              key_press_counter = 0;
  0320    01BB    CLR	0x3B
  0321    0008    RET
169:                          }
170:                      } else {
171:                          // АДМќГжајАДЯТЃЌМЦЪ§
172:                          if (key_press_counter < 255) {
  0322    0F3B    SZINCA	0x3B
173:                              key_press_counter++;
  0323    0ABB    INCR	0x3B
174:                          }
175:                          // ГЄАДМьВтЃКдМ1.5УыЃЈ150ДЮ10msб­ЛЗЃЉ
176:                          if (key_press_counter == 150) {
  0324    3096    LDIA	0x96
  0325    063B    XORA	0x3B
  0326    1D03    SNZB	0x3,2
  0327    0008    RET
177:                              // ГЄАДЃКЧаЛЛПЊЙи
178:                              power_state = !power_state;
  0328    085D    LD	A,0x5D
  0329    1D03    SNZB	0x3,2
  032A    2B2D    JP	0x32D
  032B    3001    LDIA	0x1
  032C    2B2E    JP	0x32E
  032D    3000    LDIA	0x0
  032E    00DD    LD	0x5D,A
179:                              if (!power_state) {
  032F    085D    LD	A,0x5D
  0330    1D03    SNZB	0x3,2
  0331    2B4F    JP	0x34F
180:                                  // ЙиБеЃКШЋКк
181:                                  unsigned char i;
182:                                  for (i = 0; i < LED_COUNT; i++) {
  0332    01D8    CLR	0x58
183:                                      leds[i].r = 0;
  0333    0858    LD	A,0x58
  0334    0758    ADDA	0x58
  0335    0758    ADDA	0x58
  0336    3EA0    ADDIA	0xA0
  0337    0084    LD	0x4,A
  0338    1383    CLRB	0x3,7
  0339    0180    CLR	0x0
184:                                      leds[i].g = 0;
  033A    0858    LD	A,0x58
  033B    0758    ADDA	0x58
  033C    0758    ADDA	0x58
  033D    3EA1    ADDIA	0xA1
  033E    0084    LD	0x4,A
  033F    0180    CLR	0x0
185:                                      leds[i].b = 0;
  0340    0858    LD	A,0x58
  0341    0758    ADDA	0x58
  0342    0758    ADDA	0x58
  0343    3EA2    ADDIA	0xA2
  0344    0084    LD	0x4,A
  0345    3018    LDIA	0x18
  0346    0180    CLR	0x0
  0347    0AD8    INCR	0x58
  0348    0258    SUBA	0x58
  0349    1C03    SNZB	0x3,0
  034A    2B33    JP	0x333
186:                                  }
187:                                  ws2812_update_RGB(leds, LED_COUNT);
  034B    3018    LDIA	0x18
  034C    00D1    LD	0x51,A
  034D    30A0    LDIA	0xA0
  034E    2252    CALL	0x252
  034F    1683    SETB	0x3,5
  0350    1C06    SNZB	0x6,0
  0351    2B4F    JP	0x34F
188:                              }
189:                              // ЕШД§АДМќЪЭЗХ
190:                              while (RA0 == 0);
191:                              key_pressed = 0;
  0352    1283    CLRB	0x3,5
  0353    01BA    CLR	0x3A
192:                              key_press_counter = 0;
  0354    01BB    CLR	0x3B
  0355    0008    RET
193:                          }
194:                      }
195:                  } else {
196:                      // АДМќЪЭЗХ
197:                      if (key_pressed) {
  0356    1283    CLRB	0x3,5
  0357    083A    LD	A,0x3A
  0358    1903    SZB	0x3,2
  0359    0008    RET
198:                          if (key_press_counter < 150) {
  035A    3096    LDIA	0x96
  035B    023B    SUBA	0x3B
  035C    1803    SZB	0x3,0
  035D    2B66    JP	0x366
199:                              // ЖЬАДЃКЧаЛЛаЇЙћ
200:                              if (power_state) {
  035E    085D    LD	A,0x5D
  035F    1903    SZB	0x3,2
  0360    2B66    JP	0x366
201:                                  EffectMode_t next_mode = (current_effect + 1) % EFFECT_COUNT;
  0361    2283    CALL	0x283
  0362    228D    CALL	0x28D
  0363    0870    LD	A,0x70
  0364    00D7    LD	0x57,A
202:                                  effect_execute(next_mode);
  0365    20A2    CALL	0xA2
203:                              }
204:                          }
205:                          key_pressed = 0;
  0366    01BA    CLR	0x3A
  0367    2B20    JP	0x320
206:                          key_press_counter = 0;
207:                      }
208:                  }
209:              }
210:              
211:              // ========== Function Declarations ==========
212:              extern void effect_init(void);
213:              extern void effect_execute(EffectMode_t mode);
214:              extern RGB_t leds[LED_COUNT];
215:              
216:              // ========== Main Function ==========
217:              void main(void) {
218:                  // БиаыЪзЯШЩшжУЯЕЭГЪБжгЕН 16MHz
219:                  system_clock_init();
  0181    20AB    CALL	0xAB
220:              
221:                  // WPUA (88H): Bit0 = WPUA0, set to 1 for pull-up
222:                  WPUA |= (1 << 0);
  0182    1683    SETB	0x3,5
  0183    1408    SETB	0x8,0
223:              
224:                  // Initialize GPIO for WS2812
225:                  ws2812_gpio_init();
  0184    2093    CALL	0x93
226:              
227:                  // ГѕЪМЛЏаЇЙћ
228:                  effect_init();
  0185    20B5    CALL	0xB5
229:              
230:                  // жїб­ЛЗ
231:                  unsigned int update_counter = 0;
  0186    01D9    CLR	0x59
  0187    01DA    CLR	0x5A
232:                  while (1) {
233:                      // ЩЈУшАДМќ
234:                      key_scan();
  0188    230F    CALL	0x30F
235:              
236:                      // ИќаТаЇЙћЃЈУП 10msЃЉ
237:                      update_counter++;
  0189    1283    CLRB	0x3,5
  018A    0AD9    INCR	0x59
  018B    1903    SZB	0x3,2
  018C    0ADA    INCR	0x5A
238:                      if (update_counter >= 10) {
  018D    3000    LDIA	0x0
  018E    025A    SUBA	0x5A
  018F    300A    LDIA	0xA
  0190    1903    SZB	0x3,2
  0191    0259    SUBA	0x59
  0192    1C03    SNZB	0x3,0
  0193    299E    JP	0x19E
239:                          update_counter = 0;
  0194    01D9    CLR	0x59
  0195    01DA    CLR	0x5A
240:              
241:                          // жЛгадкПЊЛњзДЬЌЯТВХИќаТаЇЙћ
242:                          if (power_state) {
  0196    085D    LD	A,0x5D
  0197    1903    SZB	0x3,2
  0198    299A    JP	0x19A
243:                              // ЕїгУЕБЧАаЇЙћЕФИќаТКЏЪ§
244:                              effects_update();
  0199    20C0    CALL	0xC0
245:                          }
246:              
247:                          // ЗЂЫЭЪ§ОнЕН LED
248:                          ws2812_update_RGB(leds, LED_COUNT);
  019A    3018    LDIA	0x18
  019B    00D1    LD	0x51,A
  019C    30A0    LDIA	0xA0
  019D    2252    CALL	0x252
249:                      }
250:              
251:                      // ЖЬднбгЪБЃЌБмУтЙ§ЖШеМгУ CPU
252:                      delay_ms(1);
  019E    01F0    CLR	0x70
  019F    0AF0    INCR	0x70
  01A0    01F1    CLR	0x71
  01A1    20F2    CALL	0xF2
  01A2    2988    JP	0x188
253:                  }
254:              }
---- H:\8bit-RGB\effects.c ----------------------------------------------------------------------
1:                #include <sc.h>
2:                #include "config.h"
3:                #include "ws2812.h"
4:                
5:                // ШЋжБ
6:                volatile uint16_t system_tick_ms = 0;
7:                volatile EffectMode_t current_effect = EFFECT_BREATH;
8:                RGB_t leds[LED_COUNT];
9:                
10:               // ========== ЩЋаЇ ==========
11:               static unsigned char breath_val = 25;     // ЧА
12:               static signed char breath_dir = 1;         // 1=, -1=фАЕ
13:               static unsigned char breath_color = 0;     // 0=, 1=, 2=
14:               static unsigned char breath_transition = 0; // ЩЋ 0-12
15:               
16:               void breath_init(void) {
17:                   breath_val = 25;
  008C    3019    LDIA	0x19
  008D    00E2    LD	0x62,A
18:                   breath_dir = 1;
  008E    01E3    CLR	0x63
  008F    0AE3    INCR	0x63
19:                   breath_color = 0;
  0090    01CF    CLR	0x4F
20:                   breath_transition = 0;
  0091    01CE    CLR	0x4E
  0092    0008    RET
21:               }
22:               
23:               void breath_update(void) {
  04A0    300A    LDIA	0xA
24:                   // УП 10ms вЛ
25:                   static unsigned char counter = 0;
26:                   counter++;
  04A1    0ACD    INCR	0x4D
27:                   if (counter < 10) return;
  04A2    024D    SUBA	0x4D
  04A3    1C03    SNZB	0x3,0
  04A4    0008    RET
28:                   counter = 0;
  04A5    01CD    CLR	0x4D
29:               
30:                   unsigned char r = 0, g = 0, b = 0;
  04A6    01F6    CLR	0x76
  04A7    01F7    CLR	0x77
  04A8    01F8    CLR	0x78
31:               
32:                   // ЩЋзДЬЌ
33:                   if (breath_transition > 0) {
  04A9    084E    LD	A,0x4E
  04AA    1903    SZB	0x3,2
  04AB    2CDD    JP	0x4DD
  04AC    300D    LDIA	0xD
34:                       breath_transition += 2;
  04AD    0ACE    INCR	0x4E
  04AE    0ACE    INCR	0x4E
35:                       if (breath_transition > 12) {
  04AF    024E    SUBA	0x4E
  04B0    1C03    SNZB	0x3,0
  04B1    2CC3    JP	0x4C3
36:                           breath_transition = 0;
  04B2    01CE    CLR	0x4E
37:                           breath_color = (breath_color + 1) % 3;
  04B3    084F    LD	A,0x4F
  04B4    00F2    LD	0x72,A
  04B5    01F3    CLR	0x73
  04B6    0AF2    INCR	0x72
  04B7    1903    SZB	0x3,2
  04B8    0AF3    INCR	0x73
  04B9    3003    LDIA	0x3
  04BA    00F0    LD	0x70,A
  04BB    01F1    CLR	0x71
  04BC    228D    CALL	0x28D
  04BD    0870    LD	A,0x70
  04BE    00CF    LD	0x4F,A
38:                           breath_val = 25;
  04BF    3019    LDIA	0x19
  04C0    00E2    LD	0x62,A
39:                           breath_dir = 1;
  04C1    01E3    CLR	0x63
  04C2    0AE3    INCR	0x63
40:                       }
41:               
42:                       // ЩЃЩЋ25->0ЩЋ0->25
43:                       unsigned char old_val = 25 - breath_transition;
  04C3    084E    LD	A,0x4E
  04C4    3C19    SUBIA	0x19
  04C5    00F9    LD	0x79,A
44:                       unsigned char new_val = breath_transition;
  04C6    084E    LD	A,0x4E
  04C7    00FA    LD	0x7A,A
45:               
46:                       switch (breath_color) {
  04C8    2CD5    JP	0x4D5
  04C9    0879    LD	A,0x79
  04CA    00F6    LD	0x76,A
  04CB    087A    LD	A,0x7A
  04CC    2CF9    JP	0x4F9
  04CD    0879    LD	A,0x79
  04CE    00F7    LD	0x77,A
  04CF    087A    LD	A,0x7A
  04D0    2CFC    JP	0x4FC
  04D1    0879    LD	A,0x79
  04D2    00F8    LD	0x78,A
  04D3    087A    LD	A,0x7A
  04D4    2CF6    JP	0x4F6
  04D5    2523    CALL	0x523
  04D6    1803    SZB	0x3,0
  04D7    2D06    JP	0x506
  04D8    3000    LDIA	0x0
  04D9    008A    LD	0xA,A
  04DA    3035    LDIA	0x35
  04DB    0704    ADDA	0x4
  04DC    0082    LD	0x2,A
47:                           case 0: r = old_val; g = new_val; break;
48:                           case 1: g = old_val; b = new_val; break;
49:                           case 2: b = old_val; r = new_val; break;
50:                       }
51:                   }
52:                   // зДЬЌ
53:                   else {
54:                       // 
55:                       breath_val += breath_dir * 10;
  04DD    300A    LDIA	0xA
  04DE    00F0    LD	0x70,A
  04DF    0863    LD	A,0x63
  04E0    20CB    CALL	0xCB
  04E1    07E2    ADDR	0x62
56:               
57:                       if (breath_val >= 250) {
  04E2    30FA    LDIA	0xFA
  04E3    0262    SUBA	0x62
  04E4    1C03    SNZB	0x3,0
  04E5    2CEB    JP	0x4EB
58:                           breath_val = 250;
  04E6    30FA    LDIA	0xFA
  04E7    00E2    LD	0x62,A
59:                           breath_dir = -1;
  04E8    01E3    CLR	0x63
  04E9    03E3    DECR	0x63
60:                       }
  04EA    2CFE    JP	0x4FE
61:                       else if (breath_val <= 25 && breath_dir < 0) {
  04EB    301A    LDIA	0x1A
  04EC    0262    SUBA	0x62
  04ED    1C03    SNZB	0x3,0
  04EE    1FE3    SNZB	0x63,7
  04EF    2CFE    JP	0x4FE
  04F0    3019    LDIA	0x19
62:                           // юАЕЪМ
63:                           breath_transition = 1;
  04F1    01CE    CLR	0x4E
  04F2    0ACE    INCR	0x4E
64:                           breath_val = 25;
  04F3    00E2    LD	0x62,A
  04F4    2CFE    JP	0x4FE
  04F5    0862    LD	A,0x62
  04F6    00F6    LD	0x76,A
  04F7    2D06    JP	0x506
  04F8    0862    LD	A,0x62
  04F9    00F7    LD	0x77,A
  04FA    2D06    JP	0x506
  04FB    0862    LD	A,0x62
  04FC    00F8    LD	0x78,A
  04FD    2D06    JP	0x506
  04FE    2523    CALL	0x523
  04FF    1803    SZB	0x3,0
  0500    2D06    JP	0x506
  0501    3000    LDIA	0x0
  0502    008A    LD	0xA,A
  0503    3038    LDIA	0x38
  0504    0704    ADDA	0x4
  0505    0082    LD	0x2,A
65:                       }
66:               
67:                       // нЕЧАЩЋRGB
68:                       switch (breath_color) {
69:                           case 0: r = breath_val; break;
70:                           case 1: g = breath_val; break;
71:                           case 2: b = breath_val; break;
72:                       }
73:                   }
74:               
75:                   for (unsigned char i = 0; i < LED_COUNT; i++) {
  0506    01FB    CLR	0x7B
76:                       leds[i].r = r;
  0507    087B    LD	A,0x7B
  0508    077B    ADDA	0x7B
  0509    077B    ADDA	0x7B
  050A    3EA0    ADDIA	0xA0
  050B    0084    LD	0x4,A
  050C    0876    LD	A,0x76
  050D    1383    CLRB	0x3,7
  050E    0080    LD	0x0,A
77:                       leds[i].g = g;
  050F    087B    LD	A,0x7B
  0510    077B    ADDA	0x7B
  0511    077B    ADDA	0x7B
  0512    3EA1    ADDIA	0xA1
  0513    0084    LD	0x4,A
  0514    0877    LD	A,0x77
  0515    0080    LD	0x0,A
78:                       leds[i].b = b;
  0516    087B    LD	A,0x7B
  0517    077B    ADDA	0x7B
  0518    077B    ADDA	0x7B
  0519    3EA2    ADDIA	0xA2
  051A    0084    LD	0x4,A
  051B    0878    LD	A,0x78
  051C    0080    LD	0x0,A
  051D    3018    LDIA	0x18
  051E    0AFB    INCR	0x7B
  051F    027B    SUBA	0x7B
  0520    1803    SZB	0x3,0
  0521    0008    RET
  0522    2D07    JP	0x507
79:                   }
80:               }
81:               
82:               // ========== ЫИаЇ ==========
83:               #define TWINKLE_COUNT  8  // ЭЌЪБЫИ
84:               
85:               typedef struct {
86:                   unsigned char pos;    // ЮЛ
87:                   unsigned char phase;  // ЫИЮЛ
88:                   unsigned char speed;  // ЫИйЖ
89:               } TwinkleStar_t;
90:               
91:               static TwinkleStar_t stars[TWINKLE_COUNT];
92:               static unsigned char twinkle_counter = 0;
93:               
94:               void twinkle_init(void) {
95:                   // ЪМаЕЮЊЩЋ
96:                   for (unsigned char i = 0; i < LED_COUNT; i++) {
  0368    01FB    CLR	0x7B
97:                       leds[i].r = 0;
  0369    087B    LD	A,0x7B
  036A    077B    ADDA	0x7B
  036B    077B    ADDA	0x7B
  036C    3EA0    ADDIA	0xA0
  036D    0084    LD	0x4,A
  036E    1383    CLRB	0x3,7
  036F    0180    CLR	0x0
98:                       leds[i].g = 0;
  0370    087B    LD	A,0x7B
  0371    077B    ADDA	0x7B
  0372    077B    ADDA	0x7B
  0373    3EA1    ADDIA	0xA1
  0374    0084    LD	0x4,A
  0375    0180    CLR	0x0
99:                       leds[i].b = 0;
  0376    087B    LD	A,0x7B
  0377    077B    ADDA	0x7B
  0378    077B    ADDA	0x7B
  0379    3EA2    ADDIA	0xA2
  037A    0084    LD	0x4,A
  037B    3018    LDIA	0x18
  037C    0180    CLR	0x0
  037D    0AFB    INCR	0x7B
  037E    027B    SUBA	0x7B
  037F    1C03    SNZB	0x3,0
  0380    2B69    JP	0x369
100:                  }
101:                  // бЁЮЛУКЭВ
102:                  for (unsigned char i = 0; i < TWINKLE_COUNT; i++) {
  0381    01FC    CLR	0x7C
103:                      stars[i].pos = (system_tick_ms + i * 29) % LED_COUNT;
  0382    087C    LD	A,0x7C
  0383    077C    ADDA	0x7C
  0384    077C    ADDA	0x7C
  0385    3E20    ADDIA	0x20
  0386    0084    LD	0x4,A
  0387    3018    LDIA	0x18
  0388    00F6    LD	0x76,A
  0389    01F7    CLR	0x77
  038A    087C    LD	A,0x7C
  038B    00F0    LD	0x70,A
  038C    301D    LDIA	0x1D
  038D    01F1    CLR	0x71
  038E    00F2    LD	0x72,A
  038F    01F3    CLR	0x73
  0390    20D9    CALL	0xD9
  0391    23B5    CALL	0x3B5
  0392    21C6    CALL	0x1C6
104:                      stars[i].phase = (system_tick_ms + i * 17) % 100;
  0393    23BE    CALL	0x3BE
  0394    3E21    ADDIA	0x21
  0395    0084    LD	0x4,A
  0396    3064    LDIA	0x64
  0397    00F6    LD	0x76,A
  0398    01F7    CLR	0x77
  0399    087C    LD	A,0x7C
  039A    00F0    LD	0x70,A
  039B    3011    LDIA	0x11
  039C    01F1    CLR	0x71
  039D    00F2    LD	0x72,A
  039E    01F3    CLR	0x73
  039F    20D9    CALL	0xD9
  03A0    23B5    CALL	0x3B5
  03A1    21C6    CALL	0x1C6
105:                      stars[i].speed = 2 + ((system_tick_ms + i * 11) % 4);
  03A2    23BE    CALL	0x3BE
  03A3    3E22    ADDIA	0x22
  03A4    0084    LD	0x4,A
  03A5    300B    LDIA	0xB
  03A6    00F0    LD	0x70,A
  03A7    087C    LD	A,0x7C
  03A8    20CB    CALL	0xCB
  03A9    0738    ADDA	0x38
  03AA    3903    ANDIA	0x3
  03AB    3E02    ADDIA	0x2
  03AC    1383    CLRB	0x3,7
  03AD    0080    LD	0x0,A
  03AE    3008    LDIA	0x8
  03AF    0AFC    INCR	0x7C
  03B0    027C    SUBA	0x7C
  03B1    1C03    SNZB	0x3,0
  03B2    2B82    JP	0x382
106:                  }
107:                  twinkle_counter = 0;
  03B3    01CC    CLR	0x4C
  03B4    0008    RET
108:              }
109:              
110:              void twinkle_update(void) {
  0714    3005    LDIA	0x5
111:                  // УП 50ms вЛЮЃгПйЖШЃ
112:                  twinkle_counter++;
  0715    0ACC    INCR	0x4C
113:                  if (twinkle_counter < 5) return;
  0716    024C    SUBA	0x4C
  0717    1C03    SNZB	0x3,0
  0718    0008    RET
114:                  twinkle_counter = 0;
  0719    01CC    CLR	0x4C
115:              
116:                  // аЕ
117:                  for (unsigned char i = 0; i < LED_COUNT; i++) {
  071A    01D5    CLR	0x55
118:                      leds[i].r = 0;
  071B    0855    LD	A,0x55
  071C    0755    ADDA	0x55
  071D    0755    ADDA	0x55
  071E    3EA0    ADDIA	0xA0
  071F    0084    LD	0x4,A
  0720    1383    CLRB	0x3,7
  0721    0180    CLR	0x0
119:                      leds[i].g = 0;
  0722    0855    LD	A,0x55
  0723    0755    ADDA	0x55
  0724    0755    ADDA	0x55
  0725    3EA1    ADDIA	0xA1
  0726    0084    LD	0x4,A
  0727    0180    CLR	0x0
120:                      leds[i].b = 0;
  0728    0855    LD	A,0x55
  0729    0755    ADDA	0x55
  072A    0755    ADDA	0x55
  072B    3EA2    ADDIA	0xA2
  072C    0084    LD	0x4,A
  072D    3018    LDIA	0x18
  072E    0180    CLR	0x0
  072F    0AD5    INCR	0x55
  0730    0255    SUBA	0x55
  0731    1C03    SNZB	0x3,0
  0732    2F1B    JP	0x71B
121:                  }
122:              
123:                  // УП
124:                  for (unsigned char i = 0; i < TWINKLE_COUNT; i++) {
  0733    01D6    CLR	0x56
125:                      // ЮЛ
126:                      stars[i].phase += stars[i].speed;
  0734    27D8    CALL	0x7D8
  0735    0800    LD	A,0x0
  0736    00D1    LD	0x51,A
  0737    27CC    CALL	0x7CC
  0738    0851    LD	A,0x51
  0739    0780    ADDR	0x0
127:                      if (stars[i].phase >= 100) {
  073A    27CC    CALL	0x7CC
  073B    3064    LDIA	0x64
  073C    0200    SUBA	0x0
128:                          stars[i].phase = 0;
  073D    0856    LD	A,0x56
  073E    1C03    SNZB	0x3,0
  073F    2F60    JP	0x760
  0740    0756    ADDA	0x56
  0741    0756    ADDA	0x56
  0742    3E21    ADDIA	0x21
  0743    0084    LD	0x4,A
  0744    0180    CLR	0x0
129:                          // ЮЛУКЭВ
130:                          stars[i].pos = (stars[i].pos + 13) % LED_COUNT;
  0745    27D2    CALL	0x7D2
  0746    0800    LD	A,0x0
  0747    00F2    LD	0x72,A
  0748    300D    LDIA	0xD
  0749    01F3    CLR	0x73
  074A    26FB    CALL	0x6FB
  074B    228D    CALL	0x28D
  074C    0870    LD	A,0x70
  074D    00D1    LD	0x51,A
  074E    27D2    CALL	0x7D2
  074F    0851    LD	A,0x51
  0750    1383    CLRB	0x3,7
  0751    0080    LD	0x0,A
131:                          stars[i].speed = 2 + ((stars[i].speed + i) % 4);
  0752    27D8    CALL	0x7D8
  0753    0856    LD	A,0x56
  0754    0700    ADDA	0x0
  0755    3903    ANDIA	0x3
  0756    3E02    ADDIA	0x2
  0757    00D1    LD	0x51,A
  0758    0856    LD	A,0x56
  0759    0756    ADDA	0x56
  075A    0756    ADDA	0x56
  075B    3E22    ADDIA	0x22
  075C    0084    LD	0x4,A
  075D    0851    LD	A,0x51
  075E    0080    LD	0x0,A
132:                      }
133:              
134:                      // ШЃЦНФНфЃЉ
135:                      unsigned char brightness;
136:                      if (stars[i].phase < 50) {
  075F    0856    LD	A,0x56
  0760    0756    ADDA	0x56
  0761    0756    ADDA	0x56
  0762    3E21    ADDIA	0x21
  0763    0084    LD	0x4,A
  0764    3032    LDIA	0x32
  0765    0200    SUBA	0x0
137:                          // иЃ0-255
138:                          brightness = (stars[i].phase * 5) + (stars[i].phase * 3 / 10);
  0766    300A    LDIA	0xA
  0767    00F6    LD	0x76,A
  0768    1803    SZB	0x3,0
  0769    2F81    JP	0x781
  076A    01F7    CLR	0x77
  076B    27CC    CALL	0x7CC
  076C    0800    LD	A,0x0
  076D    00F0    LD	0x70,A
  076E    3003    LDIA	0x3
  076F    01F1    CLR	0x71
  0770    00F2    LD	0x72,A
  0771    01F3    CLR	0x73
  0772    20D9    CALL	0xD9
  0773    27DE    CALL	0x7DE
  0774    22CA    CALL	0x2CA
  0775    0876    LD	A,0x76
  0776    00D1    LD	0x51,A
  0777    0877    LD	A,0x77
  0778    00D2    LD	0x52,A
  0779    3005    LDIA	0x5
  077A    00F0    LD	0x70,A
  077B    27CC    CALL	0x7CC
  077C    1383    CLRB	0x3,7
  077D    0800    LD	A,0x0
  077E    20CB    CALL	0xCB
  077F    0751    ADDA	0x51
  0780    2F9C    JP	0x79C
139:                      } else {
  0781    3064    LDIA	0x64
  0782    01F7    CLR	0x77
  0783    00F0    LD	0x70,A
  0784    01F1    CLR	0x71
  0785    27CC    CALL	0x7CC
  0786    0800    LD	A,0x0
  0787    02F0    SUBR	0x70
  0788    1C03    SNZB	0x3,0
  0789    03F1    DECR	0x71
  078A    3003    LDIA	0x3
  078B    00F2    LD	0x72,A
  078C    01F3    CLR	0x73
  078D    20D9    CALL	0xD9
  078E    27DE    CALL	0x7DE
  078F    22CA    CALL	0x2CA
  0790    0876    LD	A,0x76
  0791    00D1    LD	0x51,A
  0792    0877    LD	A,0x77
  0793    00D2    LD	0x52,A
  0794    30FB    LDIA	0xFB
  0795    00F0    LD	0x70,A
  0796    27CC    CALL	0x7CC
  0797    1383    CLRB	0x3,7
  0798    0800    LD	A,0x0
  0799    20CB    CALL	0xCB
  079A    0751    ADDA	0x51
  079B    3EF4    ADDIA	0xF4
  079C    00D4    LD	0x54,A
140:                          // ТНиЃ255-0
141:                          brightness = ((100 - stars[i].phase) * 5) + ((100 - stars[i].phase) * 3 / 10);
142:                      }
143:              
144:                      // ЩЋ
145:                      unsigned char color = (stars[i].pos + i) % 3;
  079D    3003    LDIA	0x3
  079E    00F0    LD	0x70,A
  079F    01F1    CLR	0x71
  07A0    27D2    CALL	0x7D2
  07A1    1383    CLRB	0x3,7
  07A2    0800    LD	A,0x0
  07A3    0756    ADDA	0x56
  07A4    00F2    LD	0x72,A
  07A5    01F3    CLR	0x73
  07A6    0DF3    RLCR	0x73
  07A7    228D    CALL	0x28D
  07A8    0870    LD	A,0x70
  07A9    00D3    LD	0x53,A
146:                      if (color == 0) {
  07AA    0853    LD	A,0x53
  07AB    1D03    SNZB	0x3,2
  07AC    2FB1    JP	0x7B1
147:                          leds[stars[i].pos].r = brightness;
  07AD    0856    LD	A,0x56
  07AE    27C3    CALL	0x7C3
  07AF    3EA0    ADDIA	0xA0
  07B0    2FBA    JP	0x7BA
148:                      } else if (color == 1) {
  07B1    0B53    SZDECA	0x53
  07B2    2FB7    JP	0x7B7
149:                          leds[stars[i].pos].g = brightness;
  07B3    0856    LD	A,0x56
  07B4    27C3    CALL	0x7C3
  07B5    3EA1    ADDIA	0xA1
  07B6    2FBA    JP	0x7BA
150:                      } else {
151:                          leds[stars[i].pos].b = brightness;
  07B7    0856    LD	A,0x56
  07B8    27C3    CALL	0x7C3
  07B9    3EA2    ADDIA	0xA2
  07BA    0084    LD	0x4,A
  07BB    0854    LD	A,0x54
  07BC    0080    LD	0x0,A
  07BD    3008    LDIA	0x8
  07BE    0AD6    INCR	0x56
  07BF    0256    SUBA	0x56
  07C0    1803    SZB	0x3,0
  07C1    0008    RET
  07C2    2F34    JP	0x734
152:                      }
153:                  }
154:              }
155:              
156:              // ========== зЗаЇ ==========
157:              #define CHASE_SPEED  2  // зЗйЖ
158:              static unsigned char chase_pos = 0;
159:              static unsigned char chase_color_idx = 0;  // 0=, 1=, 2=, 3=, 4=, 5=
160:              
161:              void chase_init(void) {
162:                  chase_pos = 0;
  010D    01CB    CLR	0x4B
163:                  chase_color_idx = 0;
  010E    01CA    CLR	0x4A
164:                  // LED
165:                  for (unsigned char i = 0; i < LED_COUNT; i++) {
  010F    01F0    CLR	0x70
166:                      leds[i].r = 0;
  0110    0870    LD	A,0x70
  0111    0770    ADDA	0x70
  0112    0770    ADDA	0x70
  0113    3EA0    ADDIA	0xA0
  0114    0084    LD	0x4,A
  0115    1383    CLRB	0x3,7
  0116    0180    CLR	0x0
167:                      leds[i].g = 0;
  0117    0870    LD	A,0x70
  0118    0770    ADDA	0x70
  0119    0770    ADDA	0x70
  011A    3EA1    ADDIA	0xA1
  011B    0084    LD	0x4,A
  011C    0180    CLR	0x0
168:                      leds[i].b = 0;
  011D    0870    LD	A,0x70
  011E    0770    ADDA	0x70
  011F    0770    ADDA	0x70
  0120    3EA2    ADDIA	0xA2
  0121    0084    LD	0x4,A
  0122    3018    LDIA	0x18
  0123    0180    CLR	0x0
  0124    0AF0    INCR	0x70
  0125    0270    SUBA	0x70
  0126    1803    SZB	0x3,0
  0127    0008    RET
  0128    2910    JP	0x110
169:                  }
170:              }
171:              
172:              void chase_update(void) {
  0528    3014    LDIA	0x14
173:                  // УП 50ms вЛ
174:                  static unsigned char counter = 0;
175:                  counter++;
  0529    0AC9    INCR	0x49
176:                  if (counter < CHASE_SPEED * 10) return;
  052A    0249    SUBA	0x49
  052B    1C03    SNZB	0x3,0
  052C    0008    RET
177:                  counter = 0;
  052D    01C9    CLR	0x49
178:              
179:                  // аЕ
180:                  for (unsigned char i = 0; i < LED_COUNT; i++) {
  052E    01FC    CLR	0x7C
181:                      leds[i].r = 0;
  052F    087C    LD	A,0x7C
  0530    077C    ADDA	0x7C
  0531    077C    ADDA	0x7C
  0532    3EA0    ADDIA	0xA0
  0533    0084    LD	0x4,A
  0534    1383    CLRB	0x3,7
  0535    0180    CLR	0x0
182:                      leds[i].g = 0;
  0536    087C    LD	A,0x7C
  0537    077C    ADDA	0x7C
  0538    077C    ADDA	0x7C
  0539    3EA1    ADDIA	0xA1
  053A    0084    LD	0x4,A
  053B    0180    CLR	0x0
183:                      leds[i].b = 0;
  053C    087C    LD	A,0x7C
  053D    077C    ADDA	0x7C
  053E    077C    ADDA	0x7C
  053F    3EA2    ADDIA	0xA2
  0540    0084    LD	0x4,A
  0541    3018    LDIA	0x18
  0542    0180    CLR	0x0
  0543    0AFC    INCR	0x7C
  0544    027C    SUBA	0x7C
  0545    1C03    SNZB	0x3,0
  0546    2D2F    JP	0x52F
184:                  }
185:              
186:                  // нЕЧАЩЋЩЋ
187:                  unsigned char r = 0, g = 0, b = 0;
  0547    01F7    CLR	0x77
  0548    01F8    CLR	0x78
  0549    01F9    CLR	0x79
188:                  switch (chase_color_idx) {
  054A    2D63    JP	0x563
  054B    30FF    LDIA	0xFF
  054C    00F7    LD	0x77,A
  054D    01F8    CLR	0x78
  054E    01F9    CLR	0x79
  054F    2D6E    JP	0x56E
  0550    30FF    LDIA	0xFF
  0551    01F7    CLR	0x77
  0552    2D5A    JP	0x55A
  0553    01F7    CLR	0x77
  0554    01F8    CLR	0x78
  0555    30FF    LDIA	0xFF
  0556    00F9    LD	0x79,A
  0557    2D6E    JP	0x56E
  0558    30FF    LDIA	0xFF
  0559    00F7    LD	0x77,A
  055A    00F8    LD	0x78,A
  055B    2D4E    JP	0x54E
  055C    30FF    LDIA	0xFF
  055D    00F7    LD	0x77,A
  055E    2D54    JP	0x554
  055F    30FF    LDIA	0xFF
  0560    01F7    CLR	0x77
  0561    00F8    LD	0x78,A
  0562    2D55    JP	0x555
  0563    084A    LD	A,0x4A
  0564    0084    LD	0x4,A
  0565    3006    LDIA	0x6
  0566    0204    SUBA	0x4
  0567    1803    SZB	0x3,0
  0568    2D6E    JP	0x56E
  0569    3000    LDIA	0x0
  056A    008A    LD	0xA,A
  056B    302F    LDIA	0x2F
  056C    0704    ADDA	0x4
  056D    0082    LD	0x2,A
189:                      case 0: r = 255; g = 0; b = 0; break;   // 
190:                      case 1: r = 0; g = 255; b = 0; break;   // 
191:                      case 2: r = 0; g = 0; b = 255; break;   // 
192:                      case 3: r = 255; g = 255; b = 0; break; // 
193:                      case 4: r = 255; g = 0; b = 255; break; // 
194:                      case 5: r = 0; g = 255; b = 255; break; // 
195:                  }
196:              
197:                  // дВзЗ№ЃКЕ 3 ФЕ
198:                  for (unsigned char i = 0; i < 3; i++) {
  056E    01FB    CLR	0x7B
199:                      unsigned char pos = (chase_pos + i) % LED_COUNT;
  056F    084B    LD	A,0x4B
  0570    00F2    LD	0x72,A
  0571    01F3    CLR	0x73
  0572    087B    LD	A,0x7B
  0573    26FB    CALL	0x6FB
  0574    228D    CALL	0x28D
  0575    0870    LD	A,0x70
  0576    00FA    LD	0x7A,A
200:                      leds[pos].r = r;
  0577    077A    ADDA	0x7A
  0578    077A    ADDA	0x7A
  0579    3EA0    ADDIA	0xA0
  057A    0084    LD	0x4,A
  057B    0877    LD	A,0x77
  057C    1383    CLRB	0x3,7
  057D    0080    LD	0x0,A
201:                      leds[pos].g = g;
  057E    087A    LD	A,0x7A
  057F    077A    ADDA	0x7A
  0580    077A    ADDA	0x7A
  0581    3EA1    ADDIA	0xA1
  0582    0084    LD	0x4,A
  0583    0878    LD	A,0x78
  0584    0080    LD	0x0,A
202:                      leds[pos].b = b;
  0585    087A    LD	A,0x7A
  0586    077A    ADDA	0x7A
  0587    077A    ADDA	0x7A
  0588    3EA2    ADDIA	0xA2
  0589    0084    LD	0x4,A
  058A    0879    LD	A,0x79
  058B    0080    LD	0x0,A
  058C    3003    LDIA	0x3
  058D    0AFB    INCR	0x7B
  058E    027B    SUBA	0x7B
203:                  }
204:              
205:                  // ЮЛ
206:                  unsigned char old_pos = chase_pos;
  058F    084B    LD	A,0x4B
  0590    1C03    SNZB	0x3,0
  0591    2D70    JP	0x570
  0592    00F6    LD	0x76,A
207:                  chase_pos = (chase_pos + 1) % LED_COUNT;
  0593    25A1    CALL	0x5A1
  0594    228D    CALL	0x28D
  0595    0870    LD	A,0x70
  0596    00CB    LD	0x4B,A
208:              
209:                  // УПвЛШІаЛЩЋ
210:                  if (chase_pos < old_pos) {
  0597    0876    LD	A,0x76
  0598    024B    SUBA	0x4B
  0599    1803    SZB	0x3,0
  059A    0008    RET
211:                      chase_color_idx = (chase_color_idx + 1) % 6;
  059B    084A    LD	A,0x4A
  059C    25AA    CALL	0x5AA
  059D    228D    CALL	0x28D
  059E    0870    LD	A,0x70
  059F    00CA    LD	0x4A,A
  05A0    0008    RET
212:                  }
213:              }
214:              
215:              // ========== цЉцЃцц ==========
216:              static unsigned char expand_size = 0;
217:              static signed char expand_dir = 1;
218:              static unsigned char expand_r = 255, expand_g = 0, expand_b = 0;
219:              static unsigned char expand_seed = 1;
220:              
221:              static unsigned char random_value(unsigned char seed) {
  0145    00F8    LD	0x78,A
222:                  static unsigned short rand_state = 12345;
223:                  rand_state = rand_state * 1103515245 + seed * 257;
  0146    00F0    LD	0x70,A
  0147    3001    LDIA	0x1
  0148    01F1    CLR	0x71
  0149    00F2    LD	0x72,A
  014A    00F3    LD	0x73,A
  014B    20D9    CALL	0xD9
  014C    0870    LD	A,0x70
  014D    00F6    LD	0x76,A
  014E    0871    LD	A,0x71
  014F    00F7    LD	0x77,A
  0150    085C    LD	A,0x5C
  0151    00F1    LD	0x71,A
  0152    085B    LD	A,0x5B
  0153    00F0    LD	0x70,A
  0154    306D    LDIA	0x6D
  0155    00F2    LD	0x72,A
  0156    304E    LDIA	0x4E
  0157    00F3    LD	0x73,A
  0158    20D9    CALL	0xD9
  0159    0870    LD	A,0x70
  015A    0776    ADDA	0x76
  015B    00DB    LD	0x5B,A
  015C    0871    LD	A,0x71
  015D    1803    SZB	0x3,0
  015E    0A71    INCA	0x71
  015F    0777    ADDA	0x77
  0160    00DC    LD	0x5C,A
224:                  return (unsigned char)(rand_state >> 8);
  0161    0008    RET
225:              }
226:              
227:              void expand_init(void) {
  01A3    30FF    LDIA	0xFF
228:                  expand_size = 0;
  01A4    01C8    CLR	0x48
229:                  expand_dir = 1;
  01A5    01E1    CLR	0x61
  01A6    0AE1    INCR	0x61
230:                  expand_r = 255;
  01A7    00E0    LD	0x60,A
231:                  expand_g = 0;
  01A8    01C7    CLR	0x47
232:                  expand_b = 0;
  01A9    01C6    CLR	0x46
233:                  expand_seed = 1;
  01AA    01DF    CLR	0x5F
  01AB    0ADF    INCR	0x5F
234:                  for (unsigned char i = 0; i < LED_COUNT; i++) {
  01AC    01F0    CLR	0x70
235:                      leds[i].r = 0;
  01AD    0870    LD	A,0x70
  01AE    0770    ADDA	0x70
  01AF    0770    ADDA	0x70
  01B0    3EA0    ADDIA	0xA0
  01B1    0084    LD	0x4,A
  01B2    1383    CLRB	0x3,7
  01B3    0180    CLR	0x0
236:                      leds[i].g = 0;
  01B4    0870    LD	A,0x70
  01B5    0770    ADDA	0x70
  01B6    0770    ADDA	0x70
  01B7    3EA1    ADDIA	0xA1
  01B8    0084    LD	0x4,A
  01B9    0180    CLR	0x0
237:                      leds[i].b = 0;
  01BA    0870    LD	A,0x70
  01BB    0770    ADDA	0x70
  01BC    0770    ADDA	0x70
  01BD    3EA2    ADDIA	0xA2
  01BE    0084    LD	0x4,A
  01BF    3018    LDIA	0x18
  01C0    0180    CLR	0x0
  01C1    0AF0    INCR	0x70
  01C2    0270    SUBA	0x70
  01C3    1803    SZB	0x3,0
  01C4    0008    RET
  01C5    29AD    JP	0x1AD
238:                  }
239:              }
240:              
241:              void expand_update(void) {
242:                  static unsigned char counter = 0;
243:                  counter++;
  064F    0AC5    INCR	0x45
244:                  if (counter < 1) return;
  0650    0845    LD	A,0x45
  0651    1903    SZB	0x3,2
  0652    0008    RET
  0653    300C    LDIA	0xC
245:                  counter = 0;
  0654    01C5    CLR	0x45
246:              
247:                  if (expand_size >= LED_COUNT / 2) {
  0655    0248    SUBA	0x48
  0656    1C03    SNZB	0x3,0
  0657    2E5B    JP	0x65B
248:                      expand_dir = -1;
  0658    01E1    CLR	0x61
  0659    03E1    DECR	0x61
249:                  } else if (expand_size == 0 && expand_dir < 0) {
  065A    2E96    JP	0x696
  065B    0848    LD	A,0x48
  065C    1903    SZB	0x3,2
  065D    1FE1    SNZB	0x61,7
  065E    2E96    JP	0x696
  065F    3061    LDIA	0x61
250:                      expand_dir = 1;
  0660    01E1    CLR	0x61
  0661    0AE1    INCR	0x61
251:                      expand_seed += 97;
  0662    07DF    ADDR	0x5F
252:                      expand_r = random_value(expand_seed);
  0663    085F    LD	A,0x5F
  0664    2145    CALL	0x145
  0665    00E0    LD	0x60,A
253:                      expand_g = random_value(expand_seed + 67);
  0666    085F    LD	A,0x5F
  0667    3E43    ADDIA	0x43
  0668    2145    CALL	0x145
  0669    00C7    LD	0x47,A
254:                      expand_b = random_value(expand_seed + 133);
  066A    085F    LD	A,0x5F
  066B    3E85    ADDIA	0x85
  066C    2145    CALL	0x145
  066D    00C6    LD	0x46,A
255:                      if (expand_r < 100 && expand_g < 100 && expand_b < 100) {
  066E    3064    LDIA	0x64
  066F    0260    SUBA	0x60
  0670    1803    SZB	0x3,0
  0671    2E7C    JP	0x67C
  0672    3064    LDIA	0x64
  0673    0247    SUBA	0x47
  0674    1803    SZB	0x3,0
  0675    2E7C    JP	0x67C
  0676    3064    LDIA	0x64
  0677    0246    SUBA	0x46
  0678    1803    SZB	0x3,0
  0679    2E7C    JP	0x67C
256:                          expand_r = 200;
  067A    30C8    LDIA	0xC8
  067B    00E0    LD	0x60,A
257:                      }
258:                      for (unsigned char i = 0; i < LED_COUNT; i++) {
  067C    01FD    CLR	0x7D
259:                          leds[i].r = 0;
  067D    087D    LD	A,0x7D
  067E    077D    ADDA	0x7D
  067F    077D    ADDA	0x7D
  0680    3EA0    ADDIA	0xA0
  0681    0084    LD	0x4,A
  0682    1383    CLRB	0x3,7
  0683    0180    CLR	0x0
260:                          leds[i].g = 0;
  0684    087D    LD	A,0x7D
  0685    077D    ADDA	0x7D
  0686    077D    ADDA	0x7D
  0687    3EA1    ADDIA	0xA1
  0688    0084    LD	0x4,A
  0689    0180    CLR	0x0
261:                          leds[i].b = 0;
  068A    087D    LD	A,0x7D
  068B    077D    ADDA	0x7D
  068C    077D    ADDA	0x7D
  068D    3EA2    ADDIA	0xA2
  068E    0084    LD	0x4,A
  068F    3018    LDIA	0x18
  0690    0180    CLR	0x0
  0691    0AFD    INCR	0x7D
  0692    027D    SUBA	0x7D
  0693    1803    SZB	0x3,0
  0694    0008    RET
  0695    2E7D    JP	0x67D
262:                      }
263:                      return;
264:                  }
265:              
266:                  if (expand_dir > 0) {
  0696    0861    LD	A,0x61
  0697    3A80    XORIA	0x80
  0698    3E7F    ADDIA	0x7F
267:                      unsigned char left = (12 - expand_size + LED_COUNT) % LED_COUNT;
  0699    3024    LDIA	0x24
  069A    00F2    LD	0x72,A
  069B    01F3    CLR	0x73
  069C    0848    LD	A,0x48
  069D    1C03    SNZB	0x3,0
  069E    2ED5    JP	0x6D5
  069F    270D    CALL	0x70D
  06A0    228D    CALL	0x28D
  06A1    0870    LD	A,0x70
  06A2    00F9    LD	0x79,A
268:                      unsigned char right = (12 + expand_size) % LED_COUNT;
  06A3    2702    CALL	0x702
  06A4    26FB    CALL	0x6FB
  06A5    228D    CALL	0x28D
  06A6    0870    LD	A,0x70
  06A7    00FA    LD	0x7A,A
269:                      leds[left].r = expand_r;
  06A8    0879    LD	A,0x79
  06A9    0779    ADDA	0x79
  06AA    0779    ADDA	0x79
  06AB    3EA0    ADDIA	0xA0
  06AC    0084    LD	0x4,A
  06AD    0860    LD	A,0x60
  06AE    1383    CLRB	0x3,7
  06AF    0080    LD	0x0,A
270:                      leds[left].g = expand_g;
  06B0    0879    LD	A,0x79
  06B1    0779    ADDA	0x79
  06B2    0779    ADDA	0x79
  06B3    3EA1    ADDIA	0xA1
  06B4    0084    LD	0x4,A
  06B5    0847    LD	A,0x47
  06B6    0080    LD	0x0,A
271:                      leds[left].b = expand_b;
  06B7    0879    LD	A,0x79
  06B8    0779    ADDA	0x79
  06B9    0779    ADDA	0x79
  06BA    3EA2    ADDIA	0xA2
  06BB    0084    LD	0x4,A
  06BC    0846    LD	A,0x46
  06BD    0080    LD	0x0,A
272:                      leds[right].r = expand_r;
  06BE    087A    LD	A,0x7A
  06BF    077A    ADDA	0x7A
  06C0    077A    ADDA	0x7A
  06C1    3EA0    ADDIA	0xA0
  06C2    0084    LD	0x4,A
  06C3    0860    LD	A,0x60
  06C4    0080    LD	0x0,A
273:                      leds[right].g = expand_g;
  06C5    087A    LD	A,0x7A
  06C6    077A    ADDA	0x7A
  06C7    077A    ADDA	0x7A
  06C8    3EA1    ADDIA	0xA1
  06C9    0084    LD	0x4,A
  06CA    0847    LD	A,0x47
  06CB    0080    LD	0x0,A
274:                      leds[right].b = expand_b;
  06CC    087A    LD	A,0x7A
  06CD    077A    ADDA	0x7A
  06CE    077A    ADDA	0x7A
  06CF    3EA2    ADDIA	0xA2
  06D0    0084    LD	0x4,A
  06D1    0846    LD	A,0x46
  06D2    0080    LD	0x0,A
275:                      expand_size++;
  06D3    0AC8    INCR	0x48
276:                  } else {
  06D4    0008    RET
277:                      unsigned char left = (12 - expand_size + LED_COUNT) % LED_COUNT;
  06D5    270D    CALL	0x70D
  06D6    228D    CALL	0x28D
  06D7    0870    LD	A,0x70
  06D8    00FB    LD	0x7B,A
278:                      unsigned char right = (12 + expand_size) % LED_COUNT;
  06D9    2702    CALL	0x702
  06DA    26FB    CALL	0x6FB
  06DB    228D    CALL	0x28D
  06DC    0870    LD	A,0x70
  06DD    00FC    LD	0x7C,A
279:                      leds[left].r = 0;
  06DE    087B    LD	A,0x7B
  06DF    077B    ADDA	0x7B
  06E0    077B    ADDA	0x7B
  06E1    3EA0    ADDIA	0xA0
  06E2    0084    LD	0x4,A
  06E3    1383    CLRB	0x3,7
  06E4    0180    CLR	0x0
280:                      leds[left].g = 0;
  06E5    087B    LD	A,0x7B
  06E6    077B    ADDA	0x7B
  06E7    077B    ADDA	0x7B
  06E8    3EA1    ADDIA	0xA1
  06E9    0084    LD	0x4,A
  06EA    0180    CLR	0x0
281:                      leds[left].b = 0;
  06EB    087B    LD	A,0x7B
  06EC    077B    ADDA	0x7B
  06ED    077B    ADDA	0x7B
  06EE    3EA2    ADDIA	0xA2
282:                      leds[right].r = 0;
  06EF    2707    CALL	0x707
  06F0    3EA0    ADDIA	0xA0
283:                      leds[right].g = 0;
  06F1    2707    CALL	0x707
  06F2    3EA1    ADDIA	0xA1
284:                      leds[right].b = 0;
  06F3    2707    CALL	0x707
  06F4    3EA2    ADDIA	0xA2
  06F5    0084    LD	0x4,A
  06F6    0180    CLR	0x0
285:                      if (expand_size > 0) expand_size--;
  06F7    0848    LD	A,0x48
  06F8    1D03    SNZB	0x3,2
  06F9    03C8    DECR	0x48
  06FA    0008    RET
286:                  }
287:              }
288:              
289:              // ========== аЇ ==========
290:              #define MARQUEE_SPEED  2  // йЖ
291:              static unsigned char marquee_pos = 0;
292:              
293:              void marquee_init(void) {
294:                  marquee_pos = 0;
  01EA    01C4    CLR	0x44
295:                  // ЪМзДЬЌЧА8ХЕщЃЈЩЋ
296:                  for (unsigned char i = 0; i < LED_COUNT; i++) {
  01EB    01F0    CLR	0x70
297:                      leds[i].r = 0;
  01EC    0870    LD	A,0x70
  01ED    0770    ADDA	0x70
  01EE    0770    ADDA	0x70
  01EF    3EA0    ADDIA	0xA0
  01F0    0084    LD	0x4,A
  01F1    1383    CLRB	0x3,7
  01F2    0180    CLR	0x0
298:                      leds[i].g = 0;
  01F3    0870    LD	A,0x70
  01F4    0770    ADDA	0x70
  01F5    0770    ADDA	0x70
  01F6    3EA1    ADDIA	0xA1
  01F7    0084    LD	0x4,A
  01F8    0180    CLR	0x0
299:                      leds[i].b = 0;
  01F9    0870    LD	A,0x70
  01FA    0770    ADDA	0x70
  01FB    0770    ADDA	0x70
  01FC    3EA2    ADDIA	0xA2
  01FD    0084    LD	0x4,A
  01FE    3018    LDIA	0x18
  01FF    0180    CLR	0x0
  0200    0AF0    INCR	0x70
  0201    0270    SUBA	0x70
  0202    1C03    SNZB	0x3,0
  0203    29EC    JP	0x1EC
300:                  }
301:                  for (unsigned char i = 0; i < 8; i++) {
  0204    01F1    CLR	0x71
302:                      leds[i].r = 255;
  0205    0871    LD	A,0x71
  0206    0771    ADDA	0x71
  0207    0771    ADDA	0x71
  0208    3EA0    ADDIA	0xA0
  0209    0084    LD	0x4,A
  020A    30FF    LDIA	0xFF
  020B    0080    LD	0x0,A
303:                      leds[i].g = 0;
  020C    0871    LD	A,0x71
  020D    0771    ADDA	0x71
  020E    0771    ADDA	0x71
  020F    3EA1    ADDIA	0xA1
  0210    0084    LD	0x4,A
  0211    0180    CLR	0x0
304:                      leds[i].b = 0;
  0212    0871    LD	A,0x71
  0213    0771    ADDA	0x71
  0214    0771    ADDA	0x71
  0215    3EA2    ADDIA	0xA2
  0216    0084    LD	0x4,A
  0217    3008    LDIA	0x8
  0218    0180    CLR	0x0
  0219    0AF1    INCR	0x71
  021A    0271    SUBA	0x71
  021B    1803    SZB	0x3,0
  021C    0008    RET
  021D    2A05    JP	0x205
305:                  }
306:              }
307:              
308:              void marquee_update(void) {
  0427    3014    LDIA	0x14
309:                  // УП 20ms вЛ
310:                  static unsigned char counter = 0;
311:                  static unsigned char color_index = 0;  // ЩЋ0=, 1=, 2=, 3=, 4=, 5=
312:              
313:                  counter++;
  0428    0AC3    INCR	0x43
314:                  if (counter < MARQUEE_SPEED * 10) return;
  0429    0243    SUBA	0x43
  042A    1C03    SNZB	0x3,0
  042B    0008    RET
315:                  counter = 0;
  042C    01C3    CLR	0x43
316:              
317:                  // аЕ
318:                  for (unsigned char i = 0; i < LED_COUNT; i++) {
  042D    01FC    CLR	0x7C
319:                      leds[i].r = 0;
  042E    087C    LD	A,0x7C
  042F    077C    ADDA	0x7C
  0430    077C    ADDA	0x7C
  0431    3EA0    ADDIA	0xA0
  0432    0084    LD	0x4,A
  0433    1383    CLRB	0x3,7
  0434    0180    CLR	0x0
320:                      leds[i].g = 0;
  0435    087C    LD	A,0x7C
  0436    077C    ADDA	0x7C
  0437    077C    ADDA	0x7C
  0438    3EA1    ADDIA	0xA1
  0439    0084    LD	0x4,A
  043A    0180    CLR	0x0
321:                      leds[i].b = 0;
  043B    087C    LD	A,0x7C
  043C    077C    ADDA	0x7C
  043D    077C    ADDA	0x7C
  043E    3EA2    ADDIA	0xA2
  043F    0084    LD	0x4,A
  0440    3018    LDIA	0x18
  0441    0180    CLR	0x0
  0442    0AFC    INCR	0x7C
  0443    027C    SUBA	0x7C
  0444    1C03    SNZB	0x3,0
  0445    2C2E    JP	0x42E
322:                  }
323:              
324:                  // нЕЧАЩЋЩЋ
325:                  unsigned char r = 0, g = 0, b = 0;
  0446    01F7    CLR	0x77
  0447    01F8    CLR	0x78
  0448    01F9    CLR	0x79
326:                  switch (color_index) {
  0449    2C62    JP	0x462
  044A    30FF    LDIA	0xFF
  044B    00F7    LD	0x77,A
  044C    01F8    CLR	0x78
  044D    01F9    CLR	0x79
  044E    2C6D    JP	0x46D
  044F    30FF    LDIA	0xFF
  0450    01F7    CLR	0x77
  0451    2C59    JP	0x459
  0452    01F7    CLR	0x77
  0453    01F8    CLR	0x78
  0454    30FF    LDIA	0xFF
  0455    00F9    LD	0x79,A
  0456    2C6D    JP	0x46D
  0457    30FF    LDIA	0xFF
  0458    00F7    LD	0x77,A
  0459    00F8    LD	0x78,A
  045A    2C4D    JP	0x44D
  045B    30FF    LDIA	0xFF
  045C    00F7    LD	0x77,A
  045D    2C53    JP	0x453
  045E    30FF    LDIA	0xFF
  045F    01F7    CLR	0x77
  0460    00F8    LD	0x78,A
  0461    2C54    JP	0x454
  0462    0842    LD	A,0x42
  0463    0084    LD	0x4,A
  0464    3006    LDIA	0x6
  0465    0204    SUBA	0x4
  0466    1803    SZB	0x3,0
  0467    2C6D    JP	0x46D
  0468    3000    LDIA	0x0
  0469    008A    LD	0xA,A
  046A    3029    LDIA	0x29
  046B    0704    ADDA	0x4
  046C    0082    LD	0x2,A
327:                      case 0: r = 255; g = 0; b = 0; break;   // 
328:                      case 1: r = 0; g = 255; b = 0; break;   // 
329:                      case 2: r = 0; g = 0; b = 255; break;   // 
330:                      case 3: r = 255; g = 255; b = 0; break; // 
331:                      case 4: r = 255; g = 0; b = 255; break; // 
332:                      case 5: r = 0; g = 255; b = 255; break; // 
333:                  }
334:              
335:                  // 8ХЕ
336:                  for (unsigned char i = 0; i < 8; i++) {
  046D    01FB    CLR	0x7B
337:                      unsigned char pos = (marquee_pos + i) % LED_COUNT;
  046E    0844    LD	A,0x44
  046F    00F2    LD	0x72,A
  0470    01F3    CLR	0x73
  0471    087B    LD	A,0x7B
  0472    26FB    CALL	0x6FB
  0473    228D    CALL	0x28D
  0474    0870    LD	A,0x70
  0475    00FA    LD	0x7A,A
338:                      leds[pos].r = r;
  0476    077A    ADDA	0x7A
  0477    077A    ADDA	0x7A
  0478    3EA0    ADDIA	0xA0
  0479    0084    LD	0x4,A
  047A    0877    LD	A,0x77
  047B    1383    CLRB	0x3,7
  047C    0080    LD	0x0,A
339:                      leds[pos].g = g;
  047D    087A    LD	A,0x7A
  047E    077A    ADDA	0x7A
  047F    077A    ADDA	0x7A
  0480    3EA1    ADDIA	0xA1
  0481    0084    LD	0x4,A
  0482    0878    LD	A,0x78
  0483    0080    LD	0x0,A
340:                      leds[pos].b = b;
  0484    087A    LD	A,0x7A
  0485    077A    ADDA	0x7A
  0486    077A    ADDA	0x7A
  0487    3EA2    ADDIA	0xA2
  0488    0084    LD	0x4,A
  0489    0879    LD	A,0x79
  048A    0080    LD	0x0,A
  048B    3008    LDIA	0x8
  048C    0AFB    INCR	0x7B
  048D    027B    SUBA	0x7B
341:                  }
342:              
343:                  // ЮЛ
344:                  unsigned char old_pos = marquee_pos;
  048E    0844    LD	A,0x44
  048F    1C03    SNZB	0x3,0
  0490    2C6F    JP	0x46F
  0491    00F6    LD	0x76,A
345:                  marquee_pos = (marquee_pos + 1) % LED_COUNT;
  0492    25A1    CALL	0x5A1
  0493    228D    CALL	0x28D
  0494    0870    LD	A,0x70
  0495    00C4    LD	0x44,A
346:              
347:                  // УПвЛШІиЕ0аЛЩЋ
348:                  if (marquee_pos < old_pos) {
  0496    0876    LD	A,0x76
  0497    0244    SUBA	0x44
  0498    1803    SZB	0x3,0
  0499    0008    RET
349:                      color_index = (color_index + 1) % 6;
  049A    0842    LD	A,0x42
  049B    25AA    CALL	0x5AA
  049C    228D    CALL	0x28D
  049D    0870    LD	A,0x70
  049E    00C2    LD	0x42,A
  049F    0008    RET
350:                  }
351:              }
352:              
353:              // ========== аЇ ==========
354:              static unsigned char stack_runner = 0;
355:              static unsigned char stack_target = 23;
356:              static unsigned char stack_lit_count = 0;
357:              static unsigned char stack_delay = 0;
358:              
359:              void stack_init(void) {
  0162    3017    LDIA	0x17
360:                  stack_runner = 0;
  0163    01C1    CLR	0x41
361:                  stack_target = 23;
  0164    00DE    LD	0x5E,A
362:                  stack_lit_count = 0;
  0165    01C0    CLR	0x40
363:                  stack_delay = 0;
  0166    01BF    CLR	0x3F
364:                  for (unsigned char i = 0; i < LED_COUNT; i++) {
  0167    01F0    CLR	0x70
365:                      leds[i].r = 0;
  0168    0870    LD	A,0x70
  0169    0770    ADDA	0x70
  016A    0770    ADDA	0x70
  016B    3EA0    ADDIA	0xA0
  016C    0084    LD	0x4,A
  016D    1383    CLRB	0x3,7
  016E    0180    CLR	0x0
366:                      leds[i].g = 0;
  016F    0870    LD	A,0x70
  0170    0770    ADDA	0x70
  0171    0770    ADDA	0x70
  0172    3EA1    ADDIA	0xA1
  0173    0084    LD	0x4,A
  0174    0180    CLR	0x0
367:                      leds[i].b = 0;
  0175    0870    LD	A,0x70
  0176    0770    ADDA	0x70
  0177    0770    ADDA	0x70
  0178    3EA2    ADDIA	0xA2
  0179    0084    LD	0x4,A
  017A    3018    LDIA	0x18
  017B    0180    CLR	0x0
  017C    0AF0    INCR	0x70
  017D    0270    SUBA	0x70
  017E    1803    SZB	0x3,0
  017F    0008    RET
  0180    2968    JP	0x168
368:                  }
369:              }
370:              
371:              void stack_update(void) {
372:                  // УП 10ms вЛЮЃЧГьЃЉ
373:                  static unsigned char counter = 0;
374:                  counter++;
  03C5    0ABE    INCR	0x3E
375:                  if (counter < 1) return;
  03C6    083E    LD	A,0x3E
  03C7    1903    SZB	0x3,2
  03C8    0008    RET
  03C9    3018    LDIA	0x18
376:                  counter = 0;
  03CA    01BE    CLR	0x3E
377:              
378:                  // ШЋЪБ
379:                  if (stack_lit_count >= LED_COUNT) {
  03CB    0240    SUBA	0x40
  03CC    1C03    SNZB	0x3,0
  03CD    2BD4    JP	0x3D4
  03CE    301F    LDIA	0x1F
380:                      stack_delay++;
  03CF    0ABF    INCR	0x3F
381:                      if (stack_delay > 30) {
  03D0    023F    SUBA	0x3F
  03D1    1C03    SNZB	0x3,0
  03D2    0008    RET
382:                          stack_init();
  03D3    2962    JP	0x162
383:                      }
384:                      return;
385:                  }
386:              
387:                  // аЕ
388:                  for (unsigned char i = 0; i < LED_COUNT; i++) {
  03D4    01F1    CLR	0x71
389:                      leds[i].r = 0;
  03D5    0871    LD	A,0x71
  03D6    0771    ADDA	0x71
  03D7    0771    ADDA	0x71
  03D8    3EA0    ADDIA	0xA0
  03D9    0084    LD	0x4,A
  03DA    1383    CLRB	0x3,7
  03DB    0180    CLR	0x0
390:                      leds[i].g = 0;
  03DC    0871    LD	A,0x71
  03DD    0771    ADDA	0x71
  03DE    0771    ADDA	0x71
  03DF    3EA1    ADDIA	0xA1
  03E0    0084    LD	0x4,A
  03E1    0180    CLR	0x0
391:                      leds[i].b = 0;
  03E2    0871    LD	A,0x71
  03E3    0771    ADDA	0x71
  03E4    0771    ADDA	0x71
  03E5    3EA2    ADDIA	0xA2
  03E6    0084    LD	0x4,A
  03E7    3018    LDIA	0x18
  03E8    0180    CLR	0x0
  03E9    0AF1    INCR	0x71
  03EA    0271    SUBA	0x71
  03EB    1C03    SNZB	0x3,0
  03EC    2BD5    JP	0x3D5
392:                  }
393:              
394:                  // бЖФЕ
395:                  for (unsigned char i = stack_target + 1; i < LED_COUNT; i++) {
  03ED    085E    LD	A,0x5E
  03EE    3E01    ADDIA	0x1
  03EF    00F2    LD	0x72,A
  03F0    3018    LDIA	0x18
  03F1    0272    SUBA	0x72
  03F2    1803    SZB	0x3,0
  03F3    2C0B    JP	0x40B
396:                      leds[i].r = 255;
  03F4    0872    LD	A,0x72
  03F5    0772    ADDA	0x72
  03F6    0772    ADDA	0x72
  03F7    3EA0    ADDIA	0xA0
  03F8    0084    LD	0x4,A
  03F9    30FF    LDIA	0xFF
  03FA    0080    LD	0x0,A
397:                      leds[i].g = 100;
  03FB    0872    LD	A,0x72
  03FC    0772    ADDA	0x72
  03FD    0772    ADDA	0x72
  03FE    3EA1    ADDIA	0xA1
  03FF    0084    LD	0x4,A
  0400    3064    LDIA	0x64
  0401    0080    LD	0x0,A
398:                      leds[i].b = 50;
  0402    0872    LD	A,0x72
  0403    0772    ADDA	0x72
  0404    0772    ADDA	0x72
  0405    3EA2    ADDIA	0xA2
  0406    0084    LD	0x4,A
  0407    3032    LDIA	0x32
  0408    0080    LD	0x0,A
  0409    0AF2    INCR	0x72
  040A    2BF0    JP	0x3F0
399:                  }
400:              
401:                  // 
402:                  leds[stack_runner].r = 255;
  040B    0841    LD	A,0x41
  040C    0741    ADDA	0x41
  040D    0741    ADDA	0x41
  040E    3EA0    ADDIA	0xA0
403:                  leds[stack_runner].g = 255;
  040F    2420    CALL	0x420
  0410    3EA1    ADDIA	0xA1
404:                  leds[stack_runner].b = 0;
  0411    2420    CALL	0x420
  0412    3EA2    ADDIA	0xA2
  0413    0084    LD	0x4,A
  0414    0180    CLR	0x0
405:              
406:                  // ЮЛ
407:                  stack_runner++;
  0415    0AC1    INCR	0x41
408:                  if (stack_runner > stack_target) {
  0416    0841    LD	A,0x41
  0417    025E    SUBA	0x5E
  0418    1803    SZB	0x3,0
  0419    0008    RET
409:                      stack_lit_count++;
  041A    0AC0    INCR	0x40
410:                      if (stack_target > 0) {
  041B    085E    LD	A,0x5E
  041C    1D03    SNZB	0x3,2
411:                          stack_target--;
  041D    03DE    DECR	0x5E
412:                      }
413:                      stack_runner = 0;
  041E    01C1    CLR	0x41
  041F    0008    RET
414:                  }
415:              }
416:              
417:              
418:              // ========== Police Light Effect ==========
419:              static unsigned char police_state = 0;
420:              static unsigned char police_counter = 0;
421:              
422:              void police_init(void) {
423:                  police_state = 0;
  0129    01BD    CLR	0x3D
424:                  police_counter = 0;
  012A    01BC    CLR	0x3C
425:                  for (unsigned char i = 0; i < LED_COUNT; i++) {
  012B    01F0    CLR	0x70
426:                      leds[i].r = 0;
  012C    0870    LD	A,0x70
  012D    0770    ADDA	0x70
  012E    0770    ADDA	0x70
  012F    3EA0    ADDIA	0xA0
  0130    0084    LD	0x4,A
  0131    1383    CLRB	0x3,7
  0132    0180    CLR	0x0
427:                      leds[i].g = 0;
  0133    0870    LD	A,0x70
  0134    0770    ADDA	0x70
  0135    0770    ADDA	0x70
  0136    3EA1    ADDIA	0xA1
  0137    0084    LD	0x4,A
  0138    0180    CLR	0x0
428:                      leds[i].b = 0;
  0139    0870    LD	A,0x70
  013A    0770    ADDA	0x70
  013B    0770    ADDA	0x70
  013C    3EA2    ADDIA	0xA2
  013D    0084    LD	0x4,A
  013E    3018    LDIA	0x18
  013F    0180    CLR	0x0
  0140    0AF0    INCR	0x70
  0141    0270    SUBA	0x70
  0142    1803    SZB	0x3,0
  0143    0008    RET
  0144    292C    JP	0x12C
429:                  }
430:              }
431:              
432:              void police_update(void) {
  021E    3005    LDIA	0x5
433:                  police_counter++;
  021F    0ABC    INCR	0x3C
434:                  if (police_counter < 5) return;
  0220    023C    SUBA	0x3C
  0221    1C03    SNZB	0x3,0
  0222    0008    RET
435:                  police_counter = 0;
  0223    01BC    CLR	0x3C
436:              
437:                  unsigned char r = 0, g = 0, b = 0;
  0224    01F1    CLR	0x71
  0225    01F0    CLR	0x70
  0226    01F2    CLR	0x72
438:                  if (police_state == 0) {
  0227    083D    LD	A,0x3D
439:                      r = 255;
  0228    30FF    LDIA	0xFF
  0229    1D03    SNZB	0x3,2
  022A    2A2D    JP	0x22D
  022B    00F1    LD	0x71,A
440:                  } else {
  022C    2A2E    JP	0x22E
441:                      b = 255;
  022D    00F2    LD	0x72,A
442:                  }
443:              
444:                  for (unsigned char i = 0; i < LED_COUNT; i++) {
  022E    01F3    CLR	0x73
445:                      leds[i].r = r;
  022F    0873    LD	A,0x73
  0230    0773    ADDA	0x73
  0231    0773    ADDA	0x73
  0232    3EA0    ADDIA	0xA0
  0233    0084    LD	0x4,A
  0234    0871    LD	A,0x71
  0235    1383    CLRB	0x3,7
  0236    0080    LD	0x0,A
446:                      leds[i].g = g;
  0237    0873    LD	A,0x73
  0238    0773    ADDA	0x73
  0239    0773    ADDA	0x73
  023A    3EA1    ADDIA	0xA1
  023B    0084    LD	0x4,A
  023C    0870    LD	A,0x70
  023D    0080    LD	0x0,A
447:                      leds[i].b = b;
  023E    0873    LD	A,0x73
  023F    0773    ADDA	0x73
  0240    0773    ADDA	0x73
  0241    3EA2    ADDIA	0xA2
  0242    0084    LD	0x4,A
  0243    0872    LD	A,0x72
  0244    0080    LD	0x0,A
  0245    3018    LDIA	0x18
  0246    0AF3    INCR	0x73
  0247    0273    SUBA	0x73
  0248    1C03    SNZB	0x3,0
  0249    2A2F    JP	0x22F
448:                  }
449:              
450:                  police_state = !police_state;
  024A    083D    LD	A,0x3D
  024B    1D03    SNZB	0x3,2
  024C    2A4F    JP	0x24F
  024D    3001    LDIA	0x1
  024E    2A50    JP	0x250
  024F    3000    LDIA	0x0
  0250    00BD    LD	0x3D,A
  0251    0008    RET
451:              }
452:              // ========== аЇгПЪЕ ==========
453:              const static Effect_t effects[] = {
454:                  {breath_init, breath_update},    // аЇ
455:                  {twinkle_init, twinkle_update},  // 
456:                  {chase_init, chase_update},      // зЗаЇ
457:                  {expand_init, expand_update},    // ЩЂаЇ
458:                  {marquee_init, marquee_update},  // 
459:                  {stack_init, stack_update},
460:                  {police_init, police_update}
461:              };
462:              
463:              
464:              void effect_init(void) {
465:                  // ЪМЧАаЇ
466:                  if (current_effect < EFFECT_COUNT) {
  00B5    3007    LDIA	0x7
  00B6    0250    SUBA	0x50
  00B7    1803    SZB	0x3,0
  00B8    0008    RET
467:                      effects[current_effect].init();
  00B9    1003    CLRB	0x3,0
  00BA    0D50    RLCA	0x50
  00BB    3E01    ADDIA	0x1
  00BC    0084    LD	0x4,A
  00BD    2015    CALL	0x15
  00BE    2001    CALL	0x1
  00BF    0008    RET
468:                  }
469:              }
470:              
471:              void effect_execute(EffectMode_t mode) {
  00A2    00FD    LD	0x7D,A
472:                  current_effect = mode;
  00A3    00D0    LD	0x50,A
473:                  effects[mode].init();
  00A4    1003    CLRB	0x3,0
  00A5    0D7D    RLCA	0x7D
  00A6    3E01    ADDIA	0x1
  00A7    0084    LD	0x4,A
  00A8    2015    CALL	0x15
  00A9    2001    CALL	0x1
  00AA    0008    RET
474:              }
475:              
476:              // ШЋ effects_update  main.c 
477:              void effects_update(void) {
478:                  if (current_effect < EFFECT_COUNT) {
  00C0    3007    LDIA	0x7
  00C1    0250    SUBA	0x50
  00C2    1803    SZB	0x3,0
  00C3    0008    RET
479:                      effects[current_effect].update();
  00C4    1003    CLRB	0x3,0
  00C5    0D50    RLCA	0x50
  00C6    3E02    ADDIA	0x2
  00C7    0084    LD	0x4,A
  00C8    2015    CALL	0x15
  00C9    2001    CALL	0x1
  00CA    0008    RET
480:                  }
481:              }
---- F:\Program Files\SCMCU_IDE_V2.00.16\data\sources\common\awdiv.c ----------------------------------------------------------------------
1:                // integer signed division
2:                
3:                signed int
4:                #ifdef __PICC__
5:                #warning TODO: update cgpic and this file to use the other prototype
6:                __awdiv(signed int divisor, signed int dividend)
  02CA    01FB    CLR	0x7B
  02CB    1FF7    SNZB	0x77,7
  02CC    2AD4    JP	0x2D4
  02CD    09F6    COMR	0x76
  02CE    09F7    COMR	0x77
  02CF    0AF6    INCR	0x76
  02D0    1903    SZB	0x3,2
  02D1    0AF7    INCR	0x77
  02D2    01FB    CLR	0x7B
  02D3    0AFB    INCR	0x7B
  02D4    1FF9    SNZB	0x79,7
  02D5    2ADD    JP	0x2DD
  02D6    09F8    COMR	0x78
  02D7    09F9    COMR	0x79
  02D8    0AF8    INCR	0x78
  02D9    1903    SZB	0x3,2
  02DA    0AF9    INCR	0x79
  02DB    3001    LDIA	0x1
  02DC    06FB    XORR	0x7B
  02DD    01FC    CLR	0x7C
  02DE    01FD    CLR	0x7D
  02DF    0876    LD	A,0x76
  02E0    0477    ORA	0x77
  02E1    1903    SZB	0x3,2
  02E2    2B02    JP	0x302
  02E3    01FA    CLR	0x7A
  02E4    0AFA    INCR	0x7A
  02E5    1BF7    SZB	0x77,7
  02E6    2AEB    JP	0x2EB
  02E7    1003    CLRB	0x3,0
  02E8    0DF6    RLCR	0x76
  02E9    0DF7    RLCR	0x77
  02EA    2AE4    JP	0x2E4
  02EB    1003    CLRB	0x3,0
  02EC    0DFC    RLCR	0x7C
  02ED    0DFD    RLCR	0x7D
  02EE    0877    LD	A,0x77
  02EF    0279    SUBA	0x79
  02F0    1D03    SNZB	0x3,2
  02F1    2AF4    JP	0x2F4
  02F2    0876    LD	A,0x76
  02F3    0278    SUBA	0x78
  02F4    1C03    SNZB	0x3,0
  02F5    2AFE    JP	0x2FE
  02F6    0876    LD	A,0x76
  02F7    02F8    SUBR	0x78
  02F8    0877    LD	A,0x77
  02F9    1C03    SNZB	0x3,0
  02FA    03F9    DECR	0x79
  02FB    02F9    SUBR	0x79
  02FC    147C    SETB	0x7C,0
  02FD    1003    CLRB	0x3,0
  02FE    0CF7    RRCR	0x77
  02FF    0CF6    RRCR	0x76
  0300    0BFA    SZDECR	0x7A
  0301    2AEB    JP	0x2EB
  0302    087B    LD	A,0x7B
  0303    1903    SZB	0x3,2
  0304    2B0A    JP	0x30A
  0305    09FC    COMR	0x7C
  0306    09FD    COMR	0x7D
  0307    0AFC    INCR	0x7C
  0308    1903    SZB	0x3,2
  0309    0AFD    INCR	0x7D
  030A    087D    LD	A,0x7D
  030B    00F7    LD	0x77,A
  030C    087C    LD	A,0x7C
  030D    00F6    LD	0x76,A
  030E    0008    RET
7:                #else
8:                __awdiv(signed int dividend, signed int divisor)
9:                #endif
10:               {
11:               	signed int	quotient;
12:               	unsigned char	counter, sign;
13:               
14:               	sign = 0;
15:               	if(divisor < 0) {
16:               		divisor = -divisor;
17:               		sign = 1;
18:               	}
19:               	if(dividend < 0) {
20:               		dividend = -dividend;
21:               		sign ^= 1;
22:               	}
23:               	quotient = 0;
24:               	if(divisor != 0) {
25:               		counter = 1;
26:               		while((divisor & 0x8000U) == 0) {
27:               			divisor <<= 1;
28:               			counter++;
29:               		}
30:               		do {
31:               			quotient <<= 1;
32:               			if((unsigned int)divisor <= (unsigned int)dividend) {
33:               				dividend -= divisor;
34:               				quotient |= 1;
35:               			}
36:               			*(unsigned int *)&divisor >>= 1;
37:               		} while(--counter != 0);
38:               	}
39:               	if(sign)
40:               		quotient = -quotient;
41:               	return quotient;
42:               }
---- F:\Program Files\SCMCU_IDE_V2.00.16\data\sources\common\awmod.c ----------------------------------------------------------------------
1:                // integer signed unsigned modulus
2:                
3:                signed int
4:                #ifdef __PICC__
5:                #warning TODO: update cgpic and this file to use the other prototype
6:                __awmod(signed int divisor, signed int dividend)
  028D    01F5    CLR	0x75
  028E    1FF3    SNZB	0x73,7
  028F    2A97    JP	0x297
  0290    09F2    COMR	0x72
  0291    09F3    COMR	0x73
  0292    0AF2    INCR	0x72
  0293    1903    SZB	0x3,2
  0294    0AF3    INCR	0x73
  0295    01F5    CLR	0x75
  0296    0AF5    INCR	0x75
  0297    1FF1    SNZB	0x71,7
  0298    2A9E    JP	0x29E
  0299    09F0    COMR	0x70
  029A    09F1    COMR	0x71
  029B    0AF0    INCR	0x70
  029C    1903    SZB	0x3,2
  029D    0AF1    INCR	0x71
  029E    0870    LD	A,0x70
  029F    0471    ORA	0x71
  02A0    1903    SZB	0x3,2
  02A1    2ABD    JP	0x2BD
  02A2    01F4    CLR	0x74
  02A3    0AF4    INCR	0x74
  02A4    1BF1    SZB	0x71,7
  02A5    2AAA    JP	0x2AA
  02A6    1003    CLRB	0x3,0
  02A7    0DF0    RLCR	0x70
  02A8    0DF1    RLCR	0x71
  02A9    2AA3    JP	0x2A3
  02AA    0871    LD	A,0x71
  02AB    0273    SUBA	0x73
  02AC    1D03    SNZB	0x3,2
  02AD    2AB0    JP	0x2B0
  02AE    0870    LD	A,0x70
  02AF    0272    SUBA	0x72
  02B0    1C03    SNZB	0x3,0
  02B1    2AB9    JP	0x2B9
  02B2    0870    LD	A,0x70
  02B3    02F2    SUBR	0x72
  02B4    0871    LD	A,0x71
  02B5    1C03    SNZB	0x3,0
  02B6    03F3    DECR	0x73
  02B7    02F3    SUBR	0x73
  02B8    1003    CLRB	0x3,0
  02B9    0CF1    RRCR	0x71
  02BA    0CF0    RRCR	0x70
  02BB    0BF4    SZDECR	0x74
  02BC    2AAA    JP	0x2AA
  02BD    0875    LD	A,0x75
  02BE    1903    SZB	0x3,2
  02BF    2AC5    JP	0x2C5
  02C0    09F2    COMR	0x72
  02C1    09F3    COMR	0x73
  02C2    0AF2    INCR	0x72
  02C3    1903    SZB	0x3,2
  02C4    0AF3    INCR	0x73
  02C5    0873    LD	A,0x73
  02C6    00F1    LD	0x71,A
  02C7    0872    LD	A,0x72
  02C8    00F0    LD	0x70,A
  02C9    0008    RET
7:                #else
8:                __awmod(signed int dividend, signed int divisor)
9:                #endif
10:               {
11:               	unsigned char	counter, sign;
12:               
13:               	sign = 0;
14:               	if(dividend < 0) {
15:               		dividend = -dividend;
16:               		sign = 1;
17:               	}
18:               	if(divisor < 0)
19:               		divisor = -divisor;
20:               	if(divisor != 0) {
21:               		counter = 1;
22:               		while(((unsigned int)divisor & 0x8000U) == 0) {
23:               			divisor <<= 1;
24:               			counter++;
25:               		}
26:               		do {
27:               			if((unsigned int)divisor <= (unsigned int)dividend)
28:               				dividend -= divisor;
29:               			*(unsigned int *)&divisor >>= 1;
30:               		} while(--counter != 0);
31:               	}
32:               	if(sign)
33:               		dividend = -dividend;
34:               	return dividend;
35:               }
---- F:\Program Files\SCMCU_IDE_V2.00.16\data\sources\common\Umul16.c ----------------------------------------------------------------------
1:                // 16 x 16 bit multiplication with 16 bit result
2:                #ifdef _PIC18
3:                #define _Has_hardware_multiply 1
4:                #else
5:                #define _Has_hardware_multiply 0
6:                #endif
7:                
8:                #if defined(_PIC14E) || defined(_PIC14EX) || defined(_PIC18)
9:                #define _Has_large_call_stack 1
10:               #else
11:               #define _Has_large_call_stack 0
12:               #endif
13:               
14:               unsigned int
15:               __wmul(unsigned int multiplier, unsigned int multiplicand)
  00D9    01F4    CLR	0x74
  00DA    01F5    CLR	0x75
  00DB    1C70    SNZB	0x70,0
  00DC    28E3    JP	0xE3
  00DD    0872    LD	A,0x72
  00DE    07F4    ADDR	0x74
  00DF    1803    SZB	0x3,0
  00E0    0AF5    INCR	0x75
  00E1    0873    LD	A,0x73
  00E2    07F5    ADDR	0x75
  00E3    1003    CLRB	0x3,0
  00E4    0DF2    RLCR	0x72
  00E5    0DF3    RLCR	0x73
  00E6    1003    CLRB	0x3,0
  00E7    0CF1    RRCR	0x71
  00E8    0CF0    RRCR	0x70
  00E9    0870    LD	A,0x70
  00EA    0471    ORA	0x71
  00EB    1D03    SNZB	0x3,2
  00EC    28DB    JP	0xDB
  00ED    0875    LD	A,0x75
  00EE    00F1    LD	0x71,A
  00EF    0874    LD	A,0x74
  00F0    00F0    LD	0x70,A
  00F1    0008    RET
16:               {
17:                       unsigned int product;
18:               
19:               #if _Has_hardware_multiply || _Has_large_call_stack
20:               
21:               #define LOWBYTE(x)  (*(unsigned char *)(&x))
22:               #define HIGHBYTE(x) (*(((unsigned char *)(&x))+1))
23:               
24:               	// optimized to allow use of the 8 x 8 bit hardware multiply instruction
25:               /*
26:               a 16-bit multiply can be decomposed into the sum of three 8-bit multiplies
27:                      a  b
28:               *      c  d
29:               -----------
30:                    |   bd
31:                    |ad  0
32:                    |bc  0
33:               +  ac| 0  0 (we ignore this intermediate product
34:                            because it does not affect the low 16 bits of the result)
35:               ===========
36:                */
37:                       product =  LOWBYTE(multiplier) * LOWBYTE(multiplicand);
38:                       product += (LOWBYTE(multiplier) * HIGHBYTE(multiplicand)) << 8;
39:                       product += (HIGHBYTE(multiplier) * LOWBYTE(multiplicand)) << 8;
40:               
41:               #else
42:               
43:               	product = 0;
44:               	do {
45:               		if(multiplier & 1)
46:               			product += multiplicand;
47:               		multiplicand <<= 1;
48:               		multiplier >>= 1;
49:               	} while(multiplier != 0);
50:               
51:               #endif
52:                       return product;
53:               }
---- F:\Program Files\SCMCU_IDE_V2.00.16\data\sources\common\lwmod.c ----------------------------------------------------------------------
1:                // word unsigned modulus
2:                
3:                unsigned int
4:                #ifdef __PICC__
5:                #warning TODO: update cgpic and this file to use the other prototype
6:                __lwmod(unsigned int divisor, unsigned int dividend)
  01C6    0876    LD	A,0x76
  01C7    0477    ORA	0x77
  01C8    1903    SZB	0x3,2
  01C9    29E5    JP	0x1E5
  01CA    01FA    CLR	0x7A
  01CB    0AFA    INCR	0x7A
  01CC    1BF7    SZB	0x77,7
  01CD    29D2    JP	0x1D2
  01CE    1003    CLRB	0x3,0
  01CF    0DF6    RLCR	0x76
  01D0    0DF7    RLCR	0x77
  01D1    29CB    JP	0x1CB
  01D2    0877    LD	A,0x77
  01D3    0279    SUBA	0x79
  01D4    1D03    SNZB	0x3,2
  01D5    29D8    JP	0x1D8
  01D6    0876    LD	A,0x76
  01D7    0278    SUBA	0x78
  01D8    1C03    SNZB	0x3,0
  01D9    29E1    JP	0x1E1
  01DA    0876    LD	A,0x76
  01DB    02F8    SUBR	0x78
  01DC    0877    LD	A,0x77
  01DD    1C03    SNZB	0x3,0
  01DE    03F9    DECR	0x79
  01DF    02F9    SUBR	0x79
  01E0    1003    CLRB	0x3,0
  01E1    0CF7    RRCR	0x77
  01E2    0CF6    RRCR	0x76
  01E3    0BFA    SZDECR	0x7A
  01E4    29D2    JP	0x1D2
  01E5    0879    LD	A,0x79
  01E6    00F7    LD	0x77,A
  01E7    0878    LD	A,0x78
  01E8    00F6    LD	0x76,A
  01E9    0008    RET
7:                #else
8:                __lwmod(unsigned int dividend, unsigned int divisor)
9:                #endif
10:               {
11:               	unsigned char	counter;
12:               
13:               	if(divisor != 0) {
14:               		counter = 1;
15:               		while((divisor & 0x8000) == 0) {
16:               			divisor <<= 1;
17:               			counter++;
18:               		}
19:               		do {
20:               			if(divisor <= dividend)
21:               				dividend -= divisor;
22:               			divisor >>= 1;
23:               		} while(--counter != 0);
24:               	}
25:               	return dividend;
26:               }
---- F:\Program Files\SCMCU_IDE_V2.00.16\data\sources\common\Umul8.c ----------------------------------------------------------------------
1:                // 8 x 8 bit multiplication with 8 bit result
2:                
3:                unsigned char
4:                __bmul(unsigned char multiplier, unsigned char multiplicand)
  00CB    00F2    LD	0x72,A
  00CC    01F1    CLR	0x71
  00CD    0870    LD	A,0x70
  00CE    1872    SZB	0x72,0
  00CF    07F1    ADDR	0x71
  00D0    1003    CLRB	0x3,0
  00D1    0DF0    RLCR	0x70
  00D2    1003    CLRB	0x3,0
  00D3    0CF2    RRCR	0x72
  00D4    0872    LD	A,0x72
  00D5    1D03    SNZB	0x3,2
  00D6    28CD    JP	0xCD
  00D7    0871    LD	A,0x71
  00D8    0008    RET
5:                {
6:                	unsigned char product = 0;
7:                
8:                #if defined(__OPTIMIZE_SPEED__)
9:                
10:               	if(multiplier & 0x01)
11:               		product = (product + multiplicand) & 0xff;
12:               	multiplicand <<= 1;
13:               
14:               	if(multiplier & 0x02)
15:               		product = (product + multiplicand) & 0xff;
16:               	multiplicand <<= 1;
17:               
18:               	if(multiplier & 0x04)
19:               		product = (product + multiplicand) & 0xff;
20:               	multiplicand <<= 1;
21:               
22:               	if(multiplier & 0x08)
23:               		product = (product + multiplicand) & 0xff;
24:               	multiplicand <<= 1;
25:               
26:               	if(multiplier & 0x10)
27:               		product = (product + multiplicand) & 0xff;
28:               	multiplicand <<= 1;
29:               
30:               	if(multiplier & 0x20)
31:               		product = (product + multiplicand) & 0xff;
32:               	multiplicand <<= 1;
33:               
34:               	if(multiplier & 0x40)
35:               		product = (product + multiplicand) & 0xff;
36:               	multiplicand <<= 1;
37:               
38:               	if(multiplier & 0x80)
39:               		product = (product + multiplicand) & 0xff;
40:               
41:               #else
42:               	do {
43:               		if(multiplier & 1)
44:               			product += multiplicand;
45:               		multiplicand <<= 1;
46:               		multiplier >>= 1;
47:               	} while(multiplier != 0);
48:               
49:               #endif
50:               	return product;
51:               }
---- stringtab ------------------------------------------------------------------
  0015    3000    LDIA	0x0
  0016    008A    LD	0xA,A
  0017    0804    LD	A,0x4
  0018    0A84    INCR	0x4
  0019    0782    ADDR	0x2
  001A    3400    RET	0x0
---- reset_enter ------------------------------------------------------------------
  0000    2FE3    JP	0x7E3
---- start_initialization ------------------------------------------------------------------
  07E3    3039    LDIA	0x39
  07E4    00DB    LD	0x5B,A
  07E5    3030    LDIA	0x30
  07E6    00DC    LD	0x5C,A
  07E7    3001    LDIA	0x1
  07E8    00DD    LD	0x5D,A
  07E9    3017    LDIA	0x17
  07EA    00DE    LD	0x5E,A
  07EB    3001    LDIA	0x1
  07EC    00DF    LD	0x5F,A
  07ED    30FF    LDIA	0xFF
  07EE    00E0    LD	0x60,A
  07EF    3001    LDIA	0x1
  07F0    00E1    LD	0x61,A
  07F1    3019    LDIA	0x19
  07F2    00E2    LD	0x62,A
  07F3    3001    LDIA	0x1
  07F4    00E3    LD	0x63,A
  07F5    30A0    LDIA	0xA0
  07F6    1383    CLRB	0x3,7
  07F7    0084    LD	0x4,A
  07F8    30E8    LDIA	0xE8
  07F9    209A    CALL	0x9A
  07FA    3020    LDIA	0x20
  07FB    0084    LD	0x4,A
  07FC    3051    LDIA	0x51
  07FD    209A    CALL	0x9A
---- interrupt_function_enter ----------------------------------------------------------
---- common_function ------------------------------------------------------------------
  0001    00FF    LD	0x7F,A
  0002    3000    LDIA	0x0
  0003    008A    LD	0xA,A
  0004    087F    LD	A,0x7F
  0005    0782    ADDR	0x2
  0006    2806    JP	0x6
  0007    2B68    JP	0x368
  0008    288C    JP	0x8C
  0009    290D    JP	0x10D
  000A    29A3    JP	0x1A3
  000B    29EA    JP	0x1EA
  000C    2962    JP	0x162
  000D    2929    JP	0x129
  000E    2F14    JP	0x714
  000F    2CA0    JP	0x4A0
  0010    2D28    JP	0x528
  0011    2E4F    JP	0x64F
  0012    2C27    JP	0x427
  0013    2BC5    JP	0x3C5
  0014    2A1E    JP	0x21E
  001B    3402    RET	0x2
  001C    3409    RET	0x9
  001D    3401    RET	0x1
  001E    3408    RET	0x8
  001F    3403    RET	0x3
  0020    340A    RET	0xA
  0021    3404    RET	0x4
  0022    340B    RET	0xB
  0023    3405    RET	0x5
  0024    340C    RET	0xC
  0025    3406    RET	0x6
  0026    340D    RET	0xD
  0027    3407    RET	0x7
  0028    340E    RET	0xE
  0029    2C4A    JP	0x44A
  002A    2C4F    JP	0x44F
  002B    2C52    JP	0x452
  002C    2C57    JP	0x457
  002D    2C5B    JP	0x45B
  002E    2C5E    JP	0x45E
  002F    2D4B    JP	0x54B
  0030    2D50    JP	0x550
  0031    2D53    JP	0x553
  0032    2D58    JP	0x558
  0033    2D5C    JP	0x55C
  0034    2D5F    JP	0x55F
  0035    2CC9    JP	0x4C9
  0036    2CCD    JP	0x4CD
  0037    2CD1    JP	0x4D1
  0038    2CF5    JP	0x4F5
  0039    2CF8    JP	0x4F8
  003A    2CFB    JP	0x4FB
  009A    0064    CLRWDT
  009B    0180    CLR	0x0
  009C    0A84    INCR	0x4
  009D    0604    XORA	0x4
  009E    1903    SZB	0x3,2
  009F    3400    RET	0x0
  00A0    0604    XORA	0x4
  00A1    289B    JP	0x9B
  0283    0850    LD	A,0x50
  0284    00F2    LD	0x72,A
  0285    01F3    CLR	0x73
  0286    0AF2    INCR	0x72
  0287    1903    SZB	0x3,2
  0288    0AF3    INCR	0x73
  0289    3007    LDIA	0x7
  028A    00F0    LD	0x70,A
  028B    01F1    CLR	0x71
  028C    0008    RET
  03B5    0838    LD	A,0x38
  03B6    0770    ADDA	0x70
  03B7    00F8    LD	0x78,A
  03B8    0839    LD	A,0x39
  03B9    1803    SZB	0x3,0
  03BA    0A39    INCA	0x39
  03BB    0771    ADDA	0x71
  03BC    00F9    LD	0x79,A
  03BD    0008    RET
  03BE    0876    LD	A,0x76
  03BF    1383    CLRB	0x3,7
  03C0    0080    LD	0x0,A
  03C1    087C    LD	A,0x7C
  03C2    077C    ADDA	0x7C
  03C3    077C    ADDA	0x7C
  03C4    0008    RET
  0420    0084    LD	0x4,A
  0421    30FF    LDIA	0xFF
  0422    0080    LD	0x0,A
  0423    0841    LD	A,0x41
  0424    0741    ADDA	0x41
  0425    0741    ADDA	0x41
  0426    0008    RET
  0523    084F    LD	A,0x4F
  0524    0084    LD	0x4,A
  0525    3003    LDIA	0x3
  0526    0204    SUBA	0x4
  0527    0008    RET
  05A1    00F2    LD	0x72,A
  05A2    01F3    CLR	0x73
  05A3    0AF2    INCR	0x72
  05A4    1903    SZB	0x3,2
  05A5    0AF3    INCR	0x73
  05A6    3018    LDIA	0x18
  05A7    00F0    LD	0x70,A
  05A8    01F1    CLR	0x71
  05A9    0008    RET
  05AA    00F2    LD	0x72,A
  05AB    01F3    CLR	0x73
  05AC    0AF2    INCR	0x72
  05AD    1903    SZB	0x3,2
  05AE    0AF3    INCR	0x73
  05AF    3006    LDIA	0x6
  05B0    00F0    LD	0x70,A
  05B1    01F1    CLR	0x71
  05B2    0008    RET
  06FB    07F2    ADDR	0x72
  06FC    1803    SZB	0x3,0
  06FD    0AF3    INCR	0x73
  06FE    3018    LDIA	0x18
  06FF    00F0    LD	0x70,A
  0700    01F1    CLR	0x71
  0701    0008    RET
  0702    0848    LD	A,0x48
  0703    00F2    LD	0x72,A
  0704    300C    LDIA	0xC
  0705    01F3    CLR	0x73
  0706    0008    RET
  0707    0084    LD	0x4,A
  0708    0180    CLR	0x0
  0709    087C    LD	A,0x7C
  070A    077C    ADDA	0x7C
  070B    077C    ADDA	0x7C
  070C    0008    RET
  070D    02F2    SUBR	0x72
  070E    1C03    SNZB	0x3,0
  070F    03F3    DECR	0x73
  0710    3018    LDIA	0x18
  0711    00F0    LD	0x70,A
  0712    01F1    CLR	0x71
  0713    0008    RET
  07C3    0756    ADDA	0x56
  07C4    0756    ADDA	0x56
  07C5    3E20    ADDIA	0x20
  07C6    0084    LD	0x4,A
  07C7    1383    CLRB	0x3,7
  07C8    0800    LD	A,0x0
  07C9    0700    ADDA	0x0
  07CA    0700    ADDA	0x0
  07CB    0008    RET
  07CC    0856    LD	A,0x56
  07CD    0756    ADDA	0x56
  07CE    0756    ADDA	0x56
  07CF    3E21    ADDIA	0x21
  07D0    0084    LD	0x4,A
  07D1    0008    RET
  07D2    0856    LD	A,0x56
  07D3    0756    ADDA	0x56
  07D4    0756    ADDA	0x56
  07D5    3E20    ADDIA	0x20
  07D6    0084    LD	0x4,A
  07D7    0008    RET
  07D8    0856    LD	A,0x56
  07D9    0756    ADDA	0x56
  07DA    0756    ADDA	0x56
  07DB    3E22    ADDIA	0x22
  07DC    0084    LD	0x4,A
  07DD    0008    RET
  07DE    0871    LD	A,0x71
  07DF    00F9    LD	0x79,A
  07E0    0870    LD	A,0x70
  07E1    00F8    LD	0x78,A
  07E2    0008    RET
  07FE    0183    CLR	0x3
