Warning[373]:	H:\8bit-RGB\effects.c	µ⁄37––	implicit signed to unsigned conversion
Warning[373]:	H:\8bit-RGB\effects.c	µ⁄43––	implicit signed to unsigned conversion
Warning[373]:	H:\8bit-RGB\effects.c	µ⁄55––	implicit signed to unsigned conversion
Warning[373]:	H:\8bit-RGB\effects.c	µ⁄103––	implicit signed to unsigned conversion
Warning[373]:	H:\8bit-RGB\effects.c	µ⁄104––	implicit signed to unsigned conversion
Warning[373]:	H:\8bit-RGB\effects.c	µ⁄105––	implicit signed to unsigned conversion
Warning[373]:	H:\8bit-RGB\effects.c	µ⁄130––	implicit signed to unsigned conversion
Warning[373]:	H:\8bit-RGB\effects.c	µ⁄131––	implicit signed to unsigned conversion
Warning[373]:	H:\8bit-RGB\effects.c	µ⁄138––	implicit signed to unsigned conversion
Warning[373]:	H:\8bit-RGB\effects.c	µ⁄141––	implicit signed to unsigned conversion
Warning[373]:	H:\8bit-RGB\effects.c	µ⁄145––	implicit signed to unsigned conversion
Warning[373]:	H:\8bit-RGB\effects.c	µ⁄199––	implicit signed to unsigned conversion
Warning[373]:	H:\8bit-RGB\effects.c	µ⁄207––	implicit signed to unsigned conversion
Warning[373]:	H:\8bit-RGB\effects.c	µ⁄211––	implicit signed to unsigned conversion
Warning[373]:	H:\8bit-RGB\effects.c	µ⁄223––	implicit signed to unsigned conversion
Warning[373]:	H:\8bit-RGB\effects.c	µ⁄253––	implicit signed to unsigned conversion
Warning[373]:	H:\8bit-RGB\effects.c	µ⁄254––	implicit signed to unsigned conversion
Warning[373]:	H:\8bit-RGB\effects.c	µ⁄267––	implicit signed to unsigned conversion
Warning[373]:	H:\8bit-RGB\effects.c	µ⁄268––	implicit signed to unsigned conversion
Warning[373]:	H:\8bit-RGB\effects.c	µ⁄277––	implicit signed to unsigned conversion
Warning[373]:	H:\8bit-RGB\effects.c	µ⁄278––	implicit signed to unsigned conversion
Warning[373]:	H:\8bit-RGB\effects.c	µ⁄337––	implicit signed to unsigned conversion
Warning[373]:	H:\8bit-RGB\effects.c	µ⁄345––	implicit signed to unsigned conversion
Warning[373]:	H:\8bit-RGB\effects.c	µ⁄349––	implicit signed to unsigned conversion
Warning[373]:	H:\8bit-RGB\effects.c	µ⁄395––	implicit signed to unsigned conversion
Warning[373]:	H:\8bit-RGB\effects.c	µ⁄450––	implicit signed to unsigned conversion
Warning[373]:	H:\8bit-RGB\main.c	µ⁄178––	implicit signed to unsigned conversion
Warning[752]:	H:\8bit-RGB\effects.c	µ⁄37––	conversion to shorter data type
Warning[752]:	H:\8bit-RGB\effects.c	µ⁄43––	conversion to shorter data type
Warning[752]:	H:\8bit-RGB\effects.c	µ⁄55––	conversion to shorter data type
Warning[752]:	H:\8bit-RGB\effects.c	µ⁄59––	conversion to shorter data type
Warning[752]:	H:\8bit-RGB\effects.c	µ⁄103––	conversion to shorter data type
Warning[752]:	H:\8bit-RGB\effects.c	µ⁄104––	conversion to shorter data type
Warning[752]:	H:\8bit-RGB\effects.c	µ⁄105––	conversion to shorter data type
Warning[752]:	H:\8bit-RGB\effects.c	µ⁄130––	conversion to shorter data type
Warning[752]:	H:\8bit-RGB\effects.c	µ⁄131––	conversion to shorter data type
Warning[752]:	H:\8bit-RGB\effects.c	µ⁄138––	conversion to shorter data type
Warning[752]:	H:\8bit-RGB\effects.c	µ⁄141––	conversion to shorter data type
Warning[751]:	H:\8bit-RGB\effects.c	µ⁄141––	arithmetic overflow in constant expression
Warning[752]:	H:\8bit-RGB\effects.c	µ⁄145––	conversion to shorter data type
Warning[752]:	H:\8bit-RGB\effects.c	µ⁄199––	conversion to shorter data type
Warning[752]:	H:\8bit-RGB\effects.c	µ⁄207––	conversion to shorter data type
Warning[752]:	H:\8bit-RGB\effects.c	µ⁄211––	conversion to shorter data type
Warning[752]:	H:\8bit-RGB\effects.c	µ⁄223––	conversion to shorter data type
Warning[751]:	H:\8bit-RGB\effects.c	µ⁄223––	arithmetic overflow in constant expression
Warning[752]:	H:\8bit-RGB\effects.c	µ⁄224––	conversion to shorter data type
Warning[752]:	H:\8bit-RGB\effects.c	µ⁄248––	conversion to shorter data type
Warning[752]:	H:\8bit-RGB\effects.c	µ⁄253––	conversion to shorter data type
Warning[752]:	H:\8bit-RGB\effects.c	µ⁄254––	conversion to shorter data type
Warning[752]:	H:\8bit-RGB\effects.c	µ⁄267––	conversion to shorter data type
Warning[752]:	H:\8bit-RGB\effects.c	µ⁄268––	conversion to shorter data type
Warning[752]:	H:\8bit-RGB\effects.c	µ⁄277––	conversion to shorter data type
Warning[752]:	H:\8bit-RGB\effects.c	µ⁄278––	conversion to shorter data type
Warning[752]:	H:\8bit-RGB\effects.c	µ⁄337––	conversion to shorter data type
Warning[752]:	H:\8bit-RGB\effects.c	µ⁄345––	conversion to shorter data type
Warning[752]:	H:\8bit-RGB\effects.c	µ⁄349––	conversion to shorter data type
Warning[752]:	H:\8bit-RGB\effects.c	µ⁄395––	conversion to shorter data type
Warning[752]:	H:\8bit-RGB\main.c	µ⁄133––	conversion to shorter data type
Warning[752]:	H:\8bit-RGB\main.c	µ⁄144––	conversion to shorter data type
Warning[752]:	H:\8bit-RGB\main.c	µ⁄147––	conversion to shorter data type
Warning[752]:	H:\8bit-RGB\main.c	µ⁄150––	conversion to shorter data type
Warning[752]:	H:\8bit-RGB\main.c	µ⁄201––	conversion to shorter data type

Memory Summary:
    Program space        used   7B9h (  1977) of   800h words   ( 96.5%)
    Data space           used    9Ch (   156) of    A0h bytes   ( 97.5%)
    EEPROM space         None available
    Data stack space     used     0h (     0) of     Ch bytes   (  0.0%)
    Configuration bits   used     0h (     0) of     2h words   (  0.0%)
    ID Location space    used     0h (     0) of     4h bytes   (  0.0%)

