

Microchip Technology PIC Macro Assembler V1.45 build -152302408 
                                                                                                           Tue May 12 16:11:20 2026


     1                           
     2                           	; Microchip MPLAB XC8 C Compiler V1.45
     3                           	; Copyright (C) 1984-2017 HI-TECH Software
     4                           
     5                           	; Auto-generated runtime startup code for final link stage.
     6                           
     7                           	;
     8                           	; Compiler options:
     9                           	;
    10                           	; -o8BIT-RGB.cof -m8BIT-RGB.map --summary=default,-psect,-class \
    11                           	; --fill=0xFFFF --output=intel effects.p1 key.p1 main.p1 --chip=SC8F072 \
    12                           	; -P --runtime=default, --opt=-local,-asmfile,+asm,-speed,+space,-debug \
    13                           	; -E+cmscerr.err -D__DEBUG=1 -g --asmlist --warn=-8 \
    14                           	; --stack=compiled:auto:auto:auto --addrqual=request --mode=pro \
    15                           	; --errformat=Error[%n]:	%f	Ą┌%ląą	%s --msgformat=Advisory[%n]	%s \
    16                           	; --warnformat=Warning[%n]:	%f	Ą┌%ląą	%s
    17                           	;
    18                           
    19                           
    20                           	processor	SC8F072
    21                           
    22                           	global	_main,start,reset_vec
    23                           	fnroot	_main
    24                           	psect	config,class=CONFIG,delta=2,noexec
    25                           	psect	idloc,class=IDLOC,delta=2,noexec
    26                           	psect	code,class=CODE,delta=2
    27                           	psect	powerup,class=CODE,delta=2
    28                           	psect	reset_vec,class=CODE,delta=2
    29                           	psect	maintext,class=CODE,delta=2
    30  0000                     	Z	set	2
    31  0002                     	PCL	set	2
    32  0002                     	INDF	set	0
    33  0000                     
    34                           	STATUS	equ	3
    35  0003                     	PCLATH	equ	0Ah
    36  000A                     
    37                           	psect	eeprom_data,class=EEDATA,delta=2,space=3,noexec
    38                           	psect	intentry,class=CODE,delta=2
    39                           	psect	functab,class=ENTRY,delta=2
    40                           	global	intlevel0,intlevel1,intlevel2, intlevel3, intlevel4, intlevel5
    41                           intlevel0:
    42  0001                     intlevel1:
    43  0001                     intlevel2:
    44  0001                     intlevel3:
    45  0001                     intlevel4:
    46  0001                     intlevel5:
    47  0001                     	psect	init,class=CODE,delta=2
    48                           	psect	cinit,class=CODE,delta=2
    49                           	psect	text,class=CODE,delta=2
    50                           	psect	end_init,class=CODE,delta=2
    51                           	psect	clrtext,class=CODE,delta=2
    52                           	FSR	set	4
    53  0004                     	psect	strings,class=CODE,delta=2,reloc=256
    54                           
    55                           	global stacklo, stackhi
    56                           	stacklo	equ	0
    57  0000                     	stackhi	equ	0
    58  0000                     
    59                           
    60                           	psect	stack,class=STACK,space=2,noexec
    61                           	global ___sp,___int_sp
    62                           	___sp:
    63  0000                     	___int_sp:
    64  0000                     	psect	reset_vec
    65                           reset_vec:
    66  0000                     	; No powerup routine
    67                           	; No interrupt routine
    68                           
    69                           
    70                           	psect	init
    71                           start
    72  0000                     	psect	end_init
    73                           	global start_initialization
    74                           	ljmp start_initialization	;jump to C runtime clear & initialization
    75  0000  2FE3               


Microchip Technology PIC Macro Assembler V1.45 build -152302408 
Symbol Table                                                                                               Tue May 12 16:11:20 2026

               ___sp 0000                 _main 0181                 start 0000               stackhi 0000  
             stacklo 0000  start_initialization 07E3             ___int_sp 0000             intlevel0 0001  
           intlevel1 0001             intlevel2 0001             intlevel3 0001             intlevel4 0001  
           intlevel5 0001             reset_vec 0000  
